[2025-12-24 17:17:46] production.ERROR: Method Illuminate\Foundation\Console\ClosureCommand::hourly does not exist. {"exception":"[object] (BadMethodCallException(code: 0): Method Illuminate\\Foundation\\Console\\ClosureCommand::hourly does not exist. at C:\\Users\\Gabriel\\Documents\\GitHub\\challenge-fullstack\\vendor\\laravel\\framework\\src\\Illuminate\\Macroable\\Traits\\Macroable.php:112)
[stacktrace]
#0 C:\\Users\\Gabriel\\Documents\\GitHub\\challenge-fullstack\\routes\\console.php(8): Illuminate\\Console\\Command->__call()
#1 C:\\Users\\Gabriel\\Documents\\GitHub\\challenge-fullstack\\app\\Console\\Kernel.php(25): require('...')
#2 C:\\Users\\Gabriel\\Documents\\GitHub\\challenge-fullstack\\vendor\\laravel\\framework\\src\\Illuminate\\Foundation\\Console\\Kernel.php(453): App\\Console\\Kernel->commands()
#3 C:\\Users\\Gabriel\\Documents\\GitHub\\challenge-fullstack\\vendor\\laravel\\framework\\src\\Illuminate\\Foundation\\Console\\Kernel.php(199): Illuminate\\Foundation\\Console\\Kernel->bootstrap()
#4 C:\\Users\\Gabriel\\Documents\\GitHub\\challenge-fullstack\\artisan(35): Illuminate\\Foundation\\Console\\Kernel->handle()
#5 {main}
"} 
[2025-12-24 17:17:52] production.ERROR: Method Illuminate\Foundation\Console\ClosureCommand::hourly does not exist. {"exception":"[object] (BadMethodCallException(code: 0): Method Illuminate\\Foundation\\Console\\ClosureCommand::hourly does not exist. at C:\\Users\\Gabriel\\Documents\\GitHub\\challenge-fullstack\\vendor\\laravel\\framework\\src\\Illuminate\\Macroable\\Traits\\Macroable.php:112)
[stacktrace]
#0 C:\\Users\\Gabriel\\Documents\\GitHub\\challenge-fullstack\\routes\\console.php(8): Illuminate\\Console\\Command->__call()
#1 C:\\Users\\Gabriel\\Documents\\GitHub\\challenge-fullstack\\app\\Console\\Kernel.php(25): require('...')
#2 C:\\Users\\Gabriel\\Documents\\GitHub\\challenge-fullstack\\vendor\\laravel\\framework\\src\\Illuminate\\Foundation\\Console\\Kernel.php(453): App\\Console\\Kernel->commands()
#3 C:\\Users\\Gabriel\\Documents\\GitHub\\challenge-fullstack\\vendor\\laravel\\framework\\src\\Illuminate\\Foundation\\Console\\Kernel.php(199): Illuminate\\Foundation\\Console\\Kernel->bootstrap()
#4 C:\\Users\\Gabriel\\Documents\\GitHub\\challenge-fullstack\\artisan(35): Illuminate\\Foundation\\Console\\Kernel->handle()
#5 {main}
"} 
[2025-12-24 17:17:55] production.ERROR: file_get_contents(C:\Users\Gabriel\Documents\GitHub\challenge-fullstack\.env): Failed to open stream: No such file or directory {"exception":"[object] (ErrorException(code: 0): file_get_contents(C:\\Users\\Gabriel\\Documents\\GitHub\\challenge-fullstack\\.env): Failed to open stream: No such file or directory at C:\\Users\\Gabriel\\Documents\\GitHub\\challenge-fullstack\\vendor\\laravel\\framework\\src\\Illuminate\\Foundation\\Console\\KeyGenerateCommand.php:100)
[stacktrace]
#0 C:\\Users\\Gabriel\\Documents\\GitHub\\challenge-fullstack\\vendor\\laravel\\framework\\src\\Illuminate\\Foundation\\Bootstrap\\HandleExceptions.php(255): Illuminate\\Foundation\\Bootstrap\\HandleExceptions->handleError()
#1 [internal function]: Illuminate\\Foundation\\Bootstrap\\HandleExceptions->{closure:Illuminate\\Foundation\\Bootstrap\\HandleExceptions::forwardsTo():254}()
#2 C:\\Users\\Gabriel\\Documents\\GitHub\\challenge-fullstack\\vendor\\laravel\\framework\\src\\Illuminate\\Foundation\\Console\\KeyGenerateCommand.php(100): file_get_contents()
#3 C:\\Users\\Gabriel\\Documents\\GitHub\\challenge-fullstack\\vendor\\laravel\\framework\\src\\Illuminate\\Foundation\\Console\\KeyGenerateCommand.php(82): Illuminate\\Foundation\\Console\\KeyGenerateCommand->writeNewEnvironmentFileWith()
#4 C:\\Users\\Gabriel\\Documents\\GitHub\\challenge-fullstack\\vendor\\laravel\\framework\\src\\Illuminate\\Foundation\\Console\\KeyGenerateCommand.php(47): Illuminate\\Foundation\\Console\\KeyGenerateCommand->setKeyInEnvironmentFile()
#5 C:\\Users\\Gabriel\\Documents\\GitHub\\challenge-fullstack\\vendor\\laravel\\framework\\src\\Illuminate\\Container\\BoundMethod.php(36): Illuminate\\Foundation\\Console\\KeyGenerateCommand->handle()
#6 C:\\Users\\Gabriel\\Documents\\GitHub\\challenge-fullstack\\vendor\\laravel\\framework\\src\\Illuminate\\Container\\Util.php(41): Illuminate\\Container\\BoundMethod::{closure:Illuminate\\Container\\BoundMethod::call():35}()
#7 C:\\Users\\Gabriel\\Documents\\GitHub\\challenge-fullstack\\vendor\\laravel\\framework\\src\\Illuminate\\Container\\BoundMethod.php(93): Illuminate\\Container\\Util::unwrapIfClosure()
#8 C:\\Users\\Gabriel\\Documents\\GitHub\\challenge-fullstack\\vendor\\laravel\\framework\\src\\Illuminate\\Container\\BoundMethod.php(35): Illuminate\\Container\\BoundMethod::callBoundMethod()
#9 C:\\Users\\Gabriel\\Documents\\GitHub\\challenge-fullstack\\vendor\\laravel\\framework\\src\\Illuminate\\Container\\Container.php(662): Illuminate\\Container\\BoundMethod::call()
#10 C:\\Users\\Gabriel\\Documents\\GitHub\\challenge-fullstack\\vendor\\laravel\\framework\\src\\Illuminate\\Console\\Command.php(211): Illuminate\\Container\\Container->call()
#11 C:\\Users\\Gabriel\\Documents\\GitHub\\challenge-fullstack\\vendor\\symfony\\console\\Command\\Command.php(326): Illuminate\\Console\\Command->execute()
#12 C:\\Users\\Gabriel\\Documents\\GitHub\\challenge-fullstack\\vendor\\laravel\\framework\\src\\Illuminate\\Console\\Command.php(180): Symfony\\Component\\Console\\Command\\Command->run()
#13 C:\\Users\\Gabriel\\Documents\\GitHub\\challenge-fullstack\\vendor\\symfony\\console\\Application.php(1106): Illuminate\\Console\\Command->run()
#14 C:\\Users\\Gabriel\\Documents\\GitHub\\challenge-fullstack\\vendor\\symfony\\console\\Application.php(324): Symfony\\Component\\Console\\Application->doRunCommand()
#15 C:\\Users\\Gabriel\\Documents\\GitHub\\challenge-fullstack\\vendor\\symfony\\console\\Application.php(175): Symfony\\Component\\Console\\Application->doRun()
#16 C:\\Users\\Gabriel\\Documents\\GitHub\\challenge-fullstack\\vendor\\laravel\\framework\\src\\Illuminate\\Foundation\\Console\\Kernel.php(201): Symfony\\Component\\Console\\Application->run()
#17 C:\\Users\\Gabriel\\Documents\\GitHub\\challenge-fullstack\\artisan(35): Illuminate\\Foundation\\Console\\Kernel->handle()
#18 {main}
"} 
[2025-12-24 17:18:44] local.ERROR: No arguments expected for "key:generate" command, got "php". {"exception":"[object] (Symfony\\Component\\Console\\Exception\\RuntimeException(code: 0): No arguments expected for \"key:generate\" command, got \"php\". at C:\\Users\\Gabriel\\Documents\\GitHub\\challenge-fullstack\\vendor\\symfony\\console\\Input\\ArgvInput.php:196)
[stacktrace]
#0 C:\\Users\\Gabriel\\Documents\\GitHub\\challenge-fullstack\\vendor\\symfony\\console\\Input\\ArgvInput.php(89): Symfony\\Component\\Console\\Input\\ArgvInput->parseArgument()
#1 C:\\Users\\Gabriel\\Documents\\GitHub\\challenge-fullstack\\vendor\\symfony\\console\\Input\\ArgvInput.php(74): Symfony\\Component\\Console\\Input\\ArgvInput->parseToken()
#2 C:\\Users\\Gabriel\\Documents\\GitHub\\challenge-fullstack\\vendor\\symfony\\console\\Input\\Input.php(56): Symfony\\Component\\Console\\Input\\ArgvInput->parse()
#3 C:\\Users\\Gabriel\\Documents\\GitHub\\challenge-fullstack\\vendor\\symfony\\console\\Command\\Command.php(285): Symfony\\Component\\Console\\Input\\Input->bind()
#4 C:\\Users\\Gabriel\\Documents\\GitHub\\challenge-fullstack\\vendor\\laravel\\framework\\src\\Illuminate\\Console\\Command.php(180): Symfony\\Component\\Console\\Command\\Command->run()
#5 C:\\Users\\Gabriel\\Documents\\GitHub\\challenge-fullstack\\vendor\\symfony\\console\\Application.php(1106): Illuminate\\Console\\Command->run()
#6 C:\\Users\\Gabriel\\Documents\\GitHub\\challenge-fullstack\\vendor\\symfony\\console\\Application.php(324): Symfony\\Component\\Console\\Application->doRunCommand()
#7 C:\\Users\\Gabriel\\Documents\\GitHub\\challenge-fullstack\\vendor\\symfony\\console\\Application.php(175): Symfony\\Component\\Console\\Application->doRun()
#8 C:\\Users\\Gabriel\\Documents\\GitHub\\challenge-fullstack\\vendor\\laravel\\framework\\src\\Illuminate\\Foundation\\Console\\Kernel.php(201): Symfony\\Component\\Console\\Application->run()
#9 C:\\Users\\Gabriel\\Documents\\GitHub\\challenge-fullstack\\artisan(35): Illuminate\\Foundation\\Console\\Kernel->handle()
#10 {main}
"} 
[2025-12-24 17:25:56] local.ERROR: could not find driver (Connection: mysql, SQL: select table_name as `name`, (data_length + index_length) as `size`, table_comment as `comment`, engine as `engine`, table_collation as `collation` from information_schema.tables where table_schema = 'challenge_products' and table_type in ('BASE TABLE', 'SYSTEM VERSIONED') order by table_name) {"exception":"[object] (Illuminate\\Database\\QueryException(code: 0): could not find driver (Connection: mysql, SQL: select table_name as `name`, (data_length + index_length) as `size`, table_comment as `comment`, engine as `engine`, table_collation as `collation` from information_schema.tables where table_schema = 'challenge_products' and table_type in ('BASE TABLE', 'SYSTEM VERSIONED') order by table_name) at C:\\Users\\Gabriel\\Documents\\GitHub\\challenge-fullstack\\vendor\\laravel\\framework\\src\\Illuminate\\Database\\Connection.php:829)
[stacktrace]
#0 C:\\Users\\Gabriel\\Documents\\GitHub\\challenge-fullstack\\vendor\\laravel\\framework\\src\\Illuminate\\Database\\Connection.php(783): Illuminate\\Database\\Connection->runQueryCallback()
#1 C:\\Users\\Gabriel\\Documents\\GitHub\\challenge-fullstack\\vendor\\laravel\\framework\\src\\Illuminate\\Database\\Connection.php(414): Illuminate\\Database\\Connection->run()
#2 C:\\Users\\Gabriel\\Documents\\GitHub\\challenge-fullstack\\vendor\\laravel\\framework\\src\\Illuminate\\Database\\Connection.php(401): Illuminate\\Database\\Connection->select()
#3 C:\\Users\\Gabriel\\Documents\\GitHub\\challenge-fullstack\\vendor\\laravel\\framework\\src\\Illuminate\\Database\\Schema\\MySqlBuilder.php(41): Illuminate\\Database\\Connection->selectFromWriteConnection()
#4 C:\\Users\\Gabriel\\Documents\\GitHub\\challenge-fullstack\\vendor\\laravel\\framework\\src\\Illuminate\\Database\\Schema\\Builder.php(165): Illuminate\\Database\\Schema\\MySqlBuilder->getTables()
#5 C:\\Users\\Gabriel\\Documents\\GitHub\\challenge-fullstack\\vendor\\laravel\\framework\\src\\Illuminate\\Database\\Migrations\\DatabaseMigrationRepository.php(184): Illuminate\\Database\\Schema\\Builder->hasTable()
#6 C:\\Users\\Gabriel\\Documents\\GitHub\\challenge-fullstack\\vendor\\laravel\\framework\\src\\Illuminate\\Database\\Migrations\\Migrator.php(727): Illuminate\\Database\\Migrations\\DatabaseMigrationRepository->repositoryExists()
#7 C:\\Users\\Gabriel\\Documents\\GitHub\\challenge-fullstack\\vendor\\laravel\\framework\\src\\Illuminate\\Database\\Console\\Migrations\\StatusCommand.php(53): Illuminate\\Database\\Migrations\\Migrator->repositoryExists()
#8 C:\\Users\\Gabriel\\Documents\\GitHub\\challenge-fullstack\\vendor\\laravel\\framework\\src\\Illuminate\\Database\\Migrations\\Migrator.php(641): Illuminate\\Database\\Console\\Migrations\\StatusCommand->{closure:Illuminate\\Database\\Console\\Migrations\\StatusCommand::handle():52}()
#9 C:\\Users\\Gabriel\\Documents\\GitHub\\challenge-fullstack\\vendor\\laravel\\framework\\src\\Illuminate\\Database\\Console\\Migrations\\StatusCommand.php(52): Illuminate\\Database\\Migrations\\Migrator->usingConnection()
#10 C:\\Users\\Gabriel\\Documents\\GitHub\\challenge-fullstack\\vendor\\laravel\\framework\\src\\Illuminate\\Container\\BoundMethod.php(36): Illuminate\\Database\\Console\\Migrations\\StatusCommand->handle()
#11 C:\\Users\\Gabriel\\Documents\\GitHub\\challenge-fullstack\\vendor\\laravel\\framework\\src\\Illuminate\\Container\\Util.php(41): Illuminate\\Container\\BoundMethod::{closure:Illuminate\\Container\\BoundMethod::call():35}()
#12 C:\\Users\\Gabriel\\Documents\\GitHub\\challenge-fullstack\\vendor\\laravel\\framework\\src\\Illuminate\\Container\\BoundMethod.php(93): Illuminate\\Container\\Util::unwrapIfClosure()
#13 C:\\Users\\Gabriel\\Documents\\GitHub\\challenge-fullstack\\vendor\\laravel\\framework\\src\\Illuminate\\Container\\BoundMethod.php(35): Illuminate\\Container\\BoundMethod::callBoundMethod()
#14 C:\\Users\\Gabriel\\Documents\\GitHub\\challenge-fullstack\\vendor\\laravel\\framework\\src\\Illuminate\\Container\\Container.php(662): Illuminate\\Container\\BoundMethod::call()
#15 C:\\Users\\Gabriel\\Documents\\GitHub\\challenge-fullstack\\vendor\\laravel\\framework\\src\\Illuminate\\Console\\Command.php(211): Illuminate\\Container\\Container->call()
#16 C:\\Users\\Gabriel\\Documents\\GitHub\\challenge-fullstack\\vendor\\symfony\\console\\Command\\Command.php(326): Illuminate\\Console\\Command->execute()
#17 C:\\Users\\Gabriel\\Documents\\GitHub\\challenge-fullstack\\vendor\\laravel\\framework\\src\\Illuminate\\Console\\Command.php(180): Symfony\\Component\\Console\\Command\\Command->run()
#18 C:\\Users\\Gabriel\\Documents\\GitHub\\challenge-fullstack\\vendor\\symfony\\console\\Application.php(1106): Illuminate\\Console\\Command->run()
#19 C:\\Users\\Gabriel\\Documents\\GitHub\\challenge-fullstack\\vendor\\symfony\\console\\Application.php(324): Symfony\\Component\\Console\\Application->doRunCommand()
#20 C:\\Users\\Gabriel\\Documents\\GitHub\\challenge-fullstack\\vendor\\symfony\\console\\Application.php(175): Symfony\\Component\\Console\\Application->doRun()
#21 C:\\Users\\Gabriel\\Documents\\GitHub\\challenge-fullstack\\vendor\\laravel\\framework\\src\\Illuminate\\Foundation\\Console\\Kernel.php(201): Symfony\\Component\\Console\\Application->run()
#22 C:\\Users\\Gabriel\\Documents\\GitHub\\challenge-fullstack\\artisan(35): Illuminate\\Foundation\\Console\\Kernel->handle()
#23 {main}

[previous exception] [object] (PDOException(code: 0): could not find driver at C:\\Users\\Gabriel\\Documents\\GitHub\\challenge-fullstack\\vendor\\laravel\\framework\\src\\Illuminate\\Database\\Connectors\\Connector.php:65)
[stacktrace]
#0 C:\\Users\\Gabriel\\Documents\\GitHub\\challenge-fullstack\\vendor\\laravel\\framework\\src\\Illuminate\\Database\\Connectors\\Connector.php(65): PDO->__construct()
#1 C:\\Users\\Gabriel\\Documents\\GitHub\\challenge-fullstack\\vendor\\laravel\\framework\\src\\Illuminate\\Database\\Connectors\\Connector.php(44): Illuminate\\Database\\Connectors\\Connector->createPdoConnection()
#2 C:\\Users\\Gabriel\\Documents\\GitHub\\challenge-fullstack\\vendor\\laravel\\framework\\src\\Illuminate\\Database\\Connectors\\MySqlConnector.php(24): Illuminate\\Database\\Connectors\\Connector->createConnection()
#3 C:\\Users\\Gabriel\\Documents\\GitHub\\challenge-fullstack\\vendor\\laravel\\framework\\src\\Illuminate\\Database\\Connectors\\ConnectionFactory.php(184): Illuminate\\Database\\Connectors\\MySqlConnector->connect()
#4 [internal function]: Illuminate\\Database\\Connectors\\ConnectionFactory->{closure:Illuminate\\Database\\Connectors\\ConnectionFactory::createPdoResolverWithHosts():179}()
#5 C:\\Users\\Gabriel\\Documents\\GitHub\\challenge-fullstack\\vendor\\laravel\\framework\\src\\Illuminate\\Database\\Connection.php(1339): call_user_func()
#6 C:\\Users\\Gabriel\\Documents\\GitHub\\challenge-fullstack\\vendor\\laravel\\framework\\src\\Illuminate\\Database\\Connection.php(528): Illuminate\\Database\\Connection->getPdo()
#7 C:\\Users\\Gabriel\\Documents\\GitHub\\challenge-fullstack\\vendor\\laravel\\framework\\src\\Illuminate\\Database\\Connection.php(423): Illuminate\\Database\\Connection->getPdoForSelect()
#8 C:\\Users\\Gabriel\\Documents\\GitHub\\challenge-fullstack\\vendor\\laravel\\framework\\src\\Illuminate\\Database\\Connection.php(816): Illuminate\\Database\\Connection->{closure:Illuminate\\Database\\Connection::select():414}()
#9 C:\\Users\\Gabriel\\Documents\\GitHub\\challenge-fullstack\\vendor\\laravel\\framework\\src\\Illuminate\\Database\\Connection.php(783): Illuminate\\Database\\Connection->runQueryCallback()
#10 C:\\Users\\Gabriel\\Documents\\GitHub\\challenge-fullstack\\vendor\\laravel\\framework\\src\\Illuminate\\Database\\Connection.php(414): Illuminate\\Database\\Connection->run()
#11 C:\\Users\\Gabriel\\Documents\\GitHub\\challenge-fullstack\\vendor\\laravel\\framework\\src\\Illuminate\\Database\\Connection.php(401): Illuminate\\Database\\Connection->select()
#12 C:\\Users\\Gabriel\\Documents\\GitHub\\challenge-fullstack\\vendor\\laravel\\framework\\src\\Illuminate\\Database\\Schema\\MySqlBuilder.php(41): Illuminate\\Database\\Connection->selectFromWriteConnection()
#13 C:\\Users\\Gabriel\\Documents\\GitHub\\challenge-fullstack\\vendor\\laravel\\framework\\src\\Illuminate\\Database\\Schema\\Builder.php(165): Illuminate\\Database\\Schema\\MySqlBuilder->getTables()
#14 C:\\Users\\Gabriel\\Documents\\GitHub\\challenge-fullstack\\vendor\\laravel\\framework\\src\\Illuminate\\Database\\Migrations\\DatabaseMigrationRepository.php(184): Illuminate\\Database\\Schema\\Builder->hasTable()
#15 C:\\Users\\Gabriel\\Documents\\GitHub\\challenge-fullstack\\vendor\\laravel\\framework\\src\\Illuminate\\Database\\Migrations\\Migrator.php(727): Illuminate\\Database\\Migrations\\DatabaseMigrationRepository->repositoryExists()
#16 C:\\Users\\Gabriel\\Documents\\GitHub\\challenge-fullstack\\vendor\\laravel\\framework\\src\\Illuminate\\Database\\Console\\Migrations\\StatusCommand.php(53): Illuminate\\Database\\Migrations\\Migrator->repositoryExists()
#17 C:\\Users\\Gabriel\\Documents\\GitHub\\challenge-fullstack\\vendor\\laravel\\framework\\src\\Illuminate\\Database\\Migrations\\Migrator.php(641): Illuminate\\Database\\Console\\Migrations\\StatusCommand->{closure:Illuminate\\Database\\Console\\Migrations\\StatusCommand::handle():52}()
#18 C:\\Users\\Gabriel\\Documents\\GitHub\\challenge-fullstack\\vendor\\laravel\\framework\\src\\Illuminate\\Database\\Console\\Migrations\\StatusCommand.php(52): Illuminate\\Database\\Migrations\\Migrator->usingConnection()
#19 C:\\Users\\Gabriel\\Documents\\GitHub\\challenge-fullstack\\vendor\\laravel\\framework\\src\\Illuminate\\Container\\BoundMethod.php(36): Illuminate\\Database\\Console\\Migrations\\StatusCommand->handle()
#20 C:\\Users\\Gabriel\\Documents\\GitHub\\challenge-fullstack\\vendor\\laravel\\framework\\src\\Illuminate\\Container\\Util.php(41): Illuminate\\Container\\BoundMethod::{closure:Illuminate\\Container\\BoundMethod::call():35}()
#21 C:\\Users\\Gabriel\\Documents\\GitHub\\challenge-fullstack\\vendor\\laravel\\framework\\src\\Illuminate\\Container\\BoundMethod.php(93): Illuminate\\Container\\Util::unwrapIfClosure()
#22 C:\\Users\\Gabriel\\Documents\\GitHub\\challenge-fullstack\\vendor\\laravel\\framework\\src\\Illuminate\\Container\\BoundMethod.php(35): Illuminate\\Container\\BoundMethod::callBoundMethod()
#23 C:\\Users\\Gabriel\\Documents\\GitHub\\challenge-fullstack\\vendor\\laravel\\framework\\src\\Illuminate\\Container\\Container.php(662): Illuminate\\Container\\BoundMethod::call()
#24 C:\\Users\\Gabriel\\Documents\\GitHub\\challenge-fullstack\\vendor\\laravel\\framework\\src\\Illuminate\\Console\\Command.php(211): Illuminate\\Container\\Container->call()
#25 C:\\Users\\Gabriel\\Documents\\GitHub\\challenge-fullstack\\vendor\\symfony\\console\\Command\\Command.php(326): Illuminate\\Console\\Command->execute()
#26 C:\\Users\\Gabriel\\Documents\\GitHub\\challenge-fullstack\\vendor\\laravel\\framework\\src\\Illuminate\\Console\\Command.php(180): Symfony\\Component\\Console\\Command\\Command->run()
#27 C:\\Users\\Gabriel\\Documents\\GitHub\\challenge-fullstack\\vendor\\symfony\\console\\Application.php(1106): Illuminate\\Console\\Command->run()
#28 C:\\Users\\Gabriel\\Documents\\GitHub\\challenge-fullstack\\vendor\\symfony\\console\\Application.php(324): Symfony\\Component\\Console\\Application->doRunCommand()
#29 C:\\Users\\Gabriel\\Documents\\GitHub\\challenge-fullstack\\vendor\\symfony\\console\\Application.php(175): Symfony\\Component\\Console\\Application->doRun()
#30 C:\\Users\\Gabriel\\Documents\\GitHub\\challenge-fullstack\\vendor\\laravel\\framework\\src\\Illuminate\\Foundation\\Console\\Kernel.php(201): Symfony\\Component\\Console\\Application->run()
#31 C:\\Users\\Gabriel\\Documents\\GitHub\\challenge-fullstack\\artisan(35): Illuminate\\Foundation\\Console\\Kernel->handle()
#32 {main}
"} 
[2025-12-24 17:27:11] local.ERROR: SQLSTATE[HY000] [1045] Access denied for user 'root'@'localhost' (using password: NO) (Connection: mysql, SQL: select table_name as `name`, (data_length + index_length) as `size`, table_comment as `comment`, engine as `engine`, table_collation as `collation` from information_schema.tables where table_schema = 'challenge_products' and table_type in ('BASE TABLE', 'SYSTEM VERSIONED') order by table_name) {"exception":"[object] (Illuminate\\Database\\QueryException(code: 1045): SQLSTATE[HY000] [1045] Access denied for user 'root'@'localhost' (using password: NO) (Connection: mysql, SQL: select table_name as `name`, (data_length + index_length) as `size`, table_comment as `comment`, engine as `engine`, table_collation as `collation` from information_schema.tables where table_schema = 'challenge_products' and table_type in ('BASE TABLE', 'SYSTEM VERSIONED') order by table_name) at C:\\Users\\Gabriel\\Documents\\GitHub\\challenge-fullstack\\vendor\\laravel\\framework\\src\\Illuminate\\Database\\Connection.php:829)
[stacktrace]
#0 C:\\Users\\Gabriel\\Documents\\GitHub\\challenge-fullstack\\vendor\\laravel\\framework\\src\\Illuminate\\Database\\Connection.php(783): Illuminate\\Database\\Connection->runQueryCallback()
#1 C:\\Users\\Gabriel\\Documents\\GitHub\\challenge-fullstack\\vendor\\laravel\\framework\\src\\Illuminate\\Database\\Connection.php(414): Illuminate\\Database\\Connection->run()
#2 C:\\Users\\Gabriel\\Documents\\GitHub\\challenge-fullstack\\vendor\\laravel\\framework\\src\\Illuminate\\Database\\Connection.php(401): Illuminate\\Database\\Connection->select()
#3 C:\\Users\\Gabriel\\Documents\\GitHub\\challenge-fullstack\\vendor\\laravel\\framework\\src\\Illuminate\\Database\\Schema\\MySqlBuilder.php(41): Illuminate\\Database\\Connection->selectFromWriteConnection()
#4 C:\\Users\\Gabriel\\Documents\\GitHub\\challenge-fullstack\\vendor\\laravel\\framework\\src\\Illuminate\\Database\\Schema\\Builder.php(165): Illuminate\\Database\\Schema\\MySqlBuilder->getTables()
#5 C:\\Users\\Gabriel\\Documents\\GitHub\\challenge-fullstack\\vendor\\laravel\\framework\\src\\Illuminate\\Database\\Migrations\\DatabaseMigrationRepository.php(184): Illuminate\\Database\\Schema\\Builder->hasTable()
#6 C:\\Users\\Gabriel\\Documents\\GitHub\\challenge-fullstack\\vendor\\laravel\\framework\\src\\Illuminate\\Database\\Migrations\\Migrator.php(727): Illuminate\\Database\\Migrations\\DatabaseMigrationRepository->repositoryExists()
#7 C:\\Users\\Gabriel\\Documents\\GitHub\\challenge-fullstack\\vendor\\laravel\\framework\\src\\Illuminate\\Database\\Console\\Migrations\\StatusCommand.php(53): Illuminate\\Database\\Migrations\\Migrator->repositoryExists()
#8 C:\\Users\\Gabriel\\Documents\\GitHub\\challenge-fullstack\\vendor\\laravel\\framework\\src\\Illuminate\\Database\\Migrations\\Migrator.php(641): Illuminate\\Database\\Console\\Migrations\\StatusCommand->{closure:Illuminate\\Database\\Console\\Migrations\\StatusCommand::handle():52}()
#9 C:\\Users\\Gabriel\\Documents\\GitHub\\challenge-fullstack\\vendor\\laravel\\framework\\src\\Illuminate\\Database\\Console\\Migrations\\StatusCommand.php(52): Illuminate\\Database\\Migrations\\Migrator->usingConnection()
#10 C:\\Users\\Gabriel\\Documents\\GitHub\\challenge-fullstack\\vendor\\laravel\\framework\\src\\Illuminate\\Container\\BoundMethod.php(36): Illuminate\\Database\\Console\\Migrations\\StatusCommand->handle()
#11 C:\\Users\\Gabriel\\Documents\\GitHub\\challenge-fullstack\\vendor\\laravel\\framework\\src\\Illuminate\\Container\\Util.php(41): Illuminate\\Container\\BoundMethod::{closure:Illuminate\\Container\\BoundMethod::call():35}()
#12 C:\\Users\\Gabriel\\Documents\\GitHub\\challenge-fullstack\\vendor\\laravel\\framework\\src\\Illuminate\\Container\\BoundMethod.php(93): Illuminate\\Container\\Util::unwrapIfClosure()
#13 C:\\Users\\Gabriel\\Documents\\GitHub\\challenge-fullstack\\vendor\\laravel\\framework\\src\\Illuminate\\Container\\BoundMethod.php(35): Illuminate\\Container\\BoundMethod::callBoundMethod()
#14 C:\\Users\\Gabriel\\Documents\\GitHub\\challenge-fullstack\\vendor\\laravel\\framework\\src\\Illuminate\\Container\\Container.php(662): Illuminate\\Container\\BoundMethod::call()
#15 C:\\Users\\Gabriel\\Documents\\GitHub\\challenge-fullstack\\vendor\\laravel\\framework\\src\\Illuminate\\Console\\Command.php(211): Illuminate\\Container\\Container->call()
#16 C:\\Users\\Gabriel\\Documents\\GitHub\\challenge-fullstack\\vendor\\symfony\\console\\Command\\Command.php(326): Illuminate\\Console\\Command->execute()
#17 C:\\Users\\Gabriel\\Documents\\GitHub\\challenge-fullstack\\vendor\\laravel\\framework\\src\\Illuminate\\Console\\Command.php(180): Symfony\\Component\\Console\\Command\\Command->run()
#18 C:\\Users\\Gabriel\\Documents\\GitHub\\challenge-fullstack\\vendor\\symfony\\console\\Application.php(1106): Illuminate\\Console\\Command->run()
#19 C:\\Users\\Gabriel\\Documents\\GitHub\\challenge-fullstack\\vendor\\symfony\\console\\Application.php(324): Symfony\\Component\\Console\\Application->doRunCommand()
#20 C:\\Users\\Gabriel\\Documents\\GitHub\\challenge-fullstack\\vendor\\symfony\\console\\Application.php(175): Symfony\\Component\\Console\\Application->doRun()
#21 C:\\Users\\Gabriel\\Documents\\GitHub\\challenge-fullstack\\vendor\\laravel\\framework\\src\\Illuminate\\Foundation\\Console\\Kernel.php(201): Symfony\\Component\\Console\\Application->run()
#22 C:\\Users\\Gabriel\\Documents\\GitHub\\challenge-fullstack\\artisan(35): Illuminate\\Foundation\\Console\\Kernel->handle()
#23 {main}

[previous exception] [object] (PDOException(code: 1045): SQLSTATE[HY000] [1045] Access denied for user 'root'@'localhost' (using password: NO) at C:\\Users\\Gabriel\\Documents\\GitHub\\challenge-fullstack\\vendor\\laravel\\framework\\src\\Illuminate\\Database\\Connectors\\Connector.php:65)
[stacktrace]
#0 C:\\Users\\Gabriel\\Documents\\GitHub\\challenge-fullstack\\vendor\\laravel\\framework\\src\\Illuminate\\Database\\Connectors\\Connector.php(65): PDO->__construct()
#1 C:\\Users\\Gabriel\\Documents\\GitHub\\challenge-fullstack\\vendor\\laravel\\framework\\src\\Illuminate\\Database\\Connectors\\Connector.php(44): Illuminate\\Database\\Connectors\\Connector->createPdoConnection()
#2 C:\\Users\\Gabriel\\Documents\\GitHub\\challenge-fullstack\\vendor\\laravel\\framework\\src\\Illuminate\\Database\\Connectors\\MySqlConnector.php(24): Illuminate\\Database\\Connectors\\Connector->createConnection()
#3 C:\\Users\\Gabriel\\Documents\\GitHub\\challenge-fullstack\\vendor\\laravel\\framework\\src\\Illuminate\\Database\\Connectors\\ConnectionFactory.php(184): Illuminate\\Database\\Connectors\\MySqlConnector->connect()
#4 [internal function]: Illuminate\\Database\\Connectors\\ConnectionFactory->{closure:Illuminate\\Database\\Connectors\\ConnectionFactory::createPdoResolverWithHosts():179}()
#5 C:\\Users\\Gabriel\\Documents\\GitHub\\challenge-fullstack\\vendor\\laravel\\framework\\src\\Illuminate\\Database\\Connection.php(1339): call_user_func()
#6 C:\\Users\\Gabriel\\Documents\\GitHub\\challenge-fullstack\\vendor\\laravel\\framework\\src\\Illuminate\\Database\\Connection.php(528): Illuminate\\Database\\Connection->getPdo()
#7 C:\\Users\\Gabriel\\Documents\\GitHub\\challenge-fullstack\\vendor\\laravel\\framework\\src\\Illuminate\\Database\\Connection.php(423): Illuminate\\Database\\Connection->getPdoForSelect()
#8 C:\\Users\\Gabriel\\Documents\\GitHub\\challenge-fullstack\\vendor\\laravel\\framework\\src\\Illuminate\\Database\\Connection.php(816): Illuminate\\Database\\Connection->{closure:Illuminate\\Database\\Connection::select():414}()
#9 C:\\Users\\Gabriel\\Documents\\GitHub\\challenge-fullstack\\vendor\\laravel\\framework\\src\\Illuminate\\Database\\Connection.php(783): Illuminate\\Database\\Connection->runQueryCallback()
#10 C:\\Users\\Gabriel\\Documents\\GitHub\\challenge-fullstack\\vendor\\laravel\\framework\\src\\Illuminate\\Database\\Connection.php(414): Illuminate\\Database\\Connection->run()
#11 C:\\Users\\Gabriel\\Documents\\GitHub\\challenge-fullstack\\vendor\\laravel\\framework\\src\\Illuminate\\Database\\Connection.php(401): Illuminate\\Database\\Connection->select()
#12 C:\\Users\\Gabriel\\Documents\\GitHub\\challenge-fullstack\\vendor\\laravel\\framework\\src\\Illuminate\\Database\\Schema\\MySqlBuilder.php(41): Illuminate\\Database\\Connection->selectFromWriteConnection()
#13 C:\\Users\\Gabriel\\Documents\\GitHub\\challenge-fullstack\\vendor\\laravel\\framework\\src\\Illuminate\\Database\\Schema\\Builder.php(165): Illuminate\\Database\\Schema\\MySqlBuilder->getTables()
#14 C:\\Users\\Gabriel\\Documents\\GitHub\\challenge-fullstack\\vendor\\laravel\\framework\\src\\Illuminate\\Database\\Migrations\\DatabaseMigrationRepository.php(184): Illuminate\\Database\\Schema\\Builder->hasTable()
#15 C:\\Users\\Gabriel\\Documents\\GitHub\\challenge-fullstack\\vendor\\laravel\\framework\\src\\Illuminate\\Database\\Migrations\\Migrator.php(727): Illuminate\\Database\\Migrations\\DatabaseMigrationRepository->repositoryExists()
#16 C:\\Users\\Gabriel\\Documents\\GitHub\\challenge-fullstack\\vendor\\laravel\\framework\\src\\Illuminate\\Database\\Console\\Migrations\\StatusCommand.php(53): Illuminate\\Database\\Migrations\\Migrator->repositoryExists()
#17 C:\\Users\\Gabriel\\Documents\\GitHub\\challenge-fullstack\\vendor\\laravel\\framework\\src\\Illuminate\\Database\\Migrations\\Migrator.php(641): Illuminate\\Database\\Console\\Migrations\\StatusCommand->{closure:Illuminate\\Database\\Console\\Migrations\\StatusCommand::handle():52}()
#18 C:\\Users\\Gabriel\\Documents\\GitHub\\challenge-fullstack\\vendor\\laravel\\framework\\src\\Illuminate\\Database\\Console\\Migrations\\StatusCommand.php(52): Illuminate\\Database\\Migrations\\Migrator->usingConnection()
#19 C:\\Users\\Gabriel\\Documents\\GitHub\\challenge-fullstack\\vendor\\laravel\\framework\\src\\Illuminate\\Container\\BoundMethod.php(36): Illuminate\\Database\\Console\\Migrations\\StatusCommand->handle()
#20 C:\\Users\\Gabriel\\Documents\\GitHub\\challenge-fullstack\\vendor\\laravel\\framework\\src\\Illuminate\\Container\\Util.php(41): Illuminate\\Container\\BoundMethod::{closure:Illuminate\\Container\\BoundMethod::call():35}()
#21 C:\\Users\\Gabriel\\Documents\\GitHub\\challenge-fullstack\\vendor\\laravel\\framework\\src\\Illuminate\\Container\\BoundMethod.php(93): Illuminate\\Container\\Util::unwrapIfClosure()
#22 C:\\Users\\Gabriel\\Documents\\GitHub\\challenge-fullstack\\vendor\\laravel\\framework\\src\\Illuminate\\Container\\BoundMethod.php(35): Illuminate\\Container\\BoundMethod::callBoundMethod()
#23 C:\\Users\\Gabriel\\Documents\\GitHub\\challenge-fullstack\\vendor\\laravel\\framework\\src\\Illuminate\\Container\\Container.php(662): Illuminate\\Container\\BoundMethod::call()
#24 C:\\Users\\Gabriel\\Documents\\GitHub\\challenge-fullstack\\vendor\\laravel\\framework\\src\\Illuminate\\Console\\Command.php(211): Illuminate\\Container\\Container->call()
#25 C:\\Users\\Gabriel\\Documents\\GitHub\\challenge-fullstack\\vendor\\symfony\\console\\Command\\Command.php(326): Illuminate\\Console\\Command->execute()
#26 C:\\Users\\Gabriel\\Documents\\GitHub\\challenge-fullstack\\vendor\\laravel\\framework\\src\\Illuminate\\Console\\Command.php(180): Symfony\\Component\\Console\\Command\\Command->run()
#27 C:\\Users\\Gabriel\\Documents\\GitHub\\challenge-fullstack\\vendor\\symfony\\console\\Application.php(1106): Illuminate\\Console\\Command->run()
#28 C:\\Users\\Gabriel\\Documents\\GitHub\\challenge-fullstack\\vendor\\symfony\\console\\Application.php(324): Symfony\\Component\\Console\\Application->doRunCommand()
#29 C:\\Users\\Gabriel\\Documents\\GitHub\\challenge-fullstack\\vendor\\symfony\\console\\Application.php(175): Symfony\\Component\\Console\\Application->doRun()
#30 C:\\Users\\Gabriel\\Documents\\GitHub\\challenge-fullstack\\vendor\\laravel\\framework\\src\\Illuminate\\Foundation\\Console\\Kernel.php(201): Symfony\\Component\\Console\\Application->run()
#31 C:\\Users\\Gabriel\\Documents\\GitHub\\challenge-fullstack\\artisan(35): Illuminate\\Foundation\\Console\\Kernel->handle()
#32 {main}
"} 
[2025-12-24 17:29:25] local.ERROR: No arguments expected for "key:generate" command, got "php". {"exception":"[object] (Symfony\\Component\\Console\\Exception\\RuntimeException(code: 0): No arguments expected for \"key:generate\" command, got \"php\". at C:\\Users\\Gabriel\\Documents\\GitHub\\challenge-fullstack\\vendor\\symfony\\console\\Input\\ArgvInput.php:196)
[stacktrace]
#0 C:\\Users\\Gabriel\\Documents\\GitHub\\challenge-fullstack\\vendor\\symfony\\console\\Input\\ArgvInput.php(89): Symfony\\Component\\Console\\Input\\ArgvInput->parseArgument()
#1 C:\\Users\\Gabriel\\Documents\\GitHub\\challenge-fullstack\\vendor\\symfony\\console\\Input\\ArgvInput.php(74): Symfony\\Component\\Console\\Input\\ArgvInput->parseToken()
#2 C:\\Users\\Gabriel\\Documents\\GitHub\\challenge-fullstack\\vendor\\symfony\\console\\Input\\Input.php(56): Symfony\\Component\\Console\\Input\\ArgvInput->parse()
#3 C:\\Users\\Gabriel\\Documents\\GitHub\\challenge-fullstack\\vendor\\symfony\\console\\Command\\Command.php(285): Symfony\\Component\\Console\\Input\\Input->bind()
#4 C:\\Users\\Gabriel\\Documents\\GitHub\\challenge-fullstack\\vendor\\laravel\\framework\\src\\Illuminate\\Console\\Command.php(180): Symfony\\Component\\Console\\Command\\Command->run()
#5 C:\\Users\\Gabriel\\Documents\\GitHub\\challenge-fullstack\\vendor\\symfony\\console\\Application.php(1106): Illuminate\\Console\\Command->run()
#6 C:\\Users\\Gabriel\\Documents\\GitHub\\challenge-fullstack\\vendor\\symfony\\console\\Application.php(324): Symfony\\Component\\Console\\Application->doRunCommand()
#7 C:\\Users\\Gabriel\\Documents\\GitHub\\challenge-fullstack\\vendor\\symfony\\console\\Application.php(175): Symfony\\Component\\Console\\Application->doRun()
#8 C:\\Users\\Gabriel\\Documents\\GitHub\\challenge-fullstack\\vendor\\laravel\\framework\\src\\Illuminate\\Foundation\\Console\\Kernel.php(201): Symfony\\Component\\Console\\Application->run()
#9 C:\\Users\\Gabriel\\Documents\\GitHub\\challenge-fullstack\\artisan(35): Illuminate\\Foundation\\Console\\Kernel->handle()
#10 {main}
"} 
[2025-12-24 17:30:17] local.ERROR: Illuminate\View\FileViewFinder::__construct(): Argument #2 ($paths) must be of type array, null given, called in C:\Users\Gabriel\Documents\GitHub\challenge-fullstack\vendor\laravel\framework\src\Illuminate\View\ViewServiceProvider.php on line 85 {"exception":"[object] (TypeError(code: 0): Illuminate\\View\\FileViewFinder::__construct(): Argument #2 ($paths) must be of type array, null given, called in C:\\Users\\Gabriel\\Documents\\GitHub\\challenge-fullstack\\vendor\\laravel\\framework\\src\\Illuminate\\View\\ViewServiceProvider.php on line 85 at C:\\Users\\Gabriel\\Documents\\GitHub\\challenge-fullstack\\vendor\\laravel\\framework\\src\\Illuminate\\View\\FileViewFinder.php:53)
[stacktrace]
#0 C:\\Users\\Gabriel\\Documents\\GitHub\\challenge-fullstack\\vendor\\laravel\\framework\\src\\Illuminate\\View\\ViewServiceProvider.php(85): Illuminate\\View\\FileViewFinder->__construct()
#1 C:\\Users\\Gabriel\\Documents\\GitHub\\challenge-fullstack\\vendor\\laravel\\framework\\src\\Illuminate\\Container\\Container.php(908): Illuminate\\View\\ViewServiceProvider->{closure:Illuminate\\View\\ViewServiceProvider::registerViewFinder():84}()
#2 C:\\Users\\Gabriel\\Documents\\GitHub\\challenge-fullstack\\vendor\\laravel\\framework\\src\\Illuminate\\Container\\Container.php(795): Illuminate\\Container\\Container->build()
#3 C:\\Users\\Gabriel\\Documents\\GitHub\\challenge-fullstack\\vendor\\laravel\\framework\\src\\Illuminate\\Foundation\\Application.php(986): Illuminate\\Container\\Container->resolve()
#4 C:\\Users\\Gabriel\\Documents\\GitHub\\challenge-fullstack\\vendor\\laravel\\framework\\src\\Illuminate\\Container\\Container.php(731): Illuminate\\Foundation\\Application->resolve()
#5 C:\\Users\\Gabriel\\Documents\\GitHub\\challenge-fullstack\\vendor\\laravel\\framework\\src\\Illuminate\\Foundation\\Application.php(971): Illuminate\\Container\\Container->make()
#6 C:\\Users\\Gabriel\\Documents\\GitHub\\challenge-fullstack\\vendor\\laravel\\framework\\src\\Illuminate\\Container\\Container.php(1454): Illuminate\\Foundation\\Application->make()
#7 C:\\Users\\Gabriel\\Documents\\GitHub\\challenge-fullstack\\vendor\\laravel\\framework\\src\\Illuminate\\View\\ViewServiceProvider.php(45): Illuminate\\Container\\Container->offsetGet()
#8 C:\\Users\\Gabriel\\Documents\\GitHub\\challenge-fullstack\\vendor\\laravel\\framework\\src\\Illuminate\\Container\\Container.php(908): Illuminate\\View\\ViewServiceProvider->{closure:Illuminate\\View\\ViewServiceProvider::registerFactory():39}()
#9 C:\\Users\\Gabriel\\Documents\\GitHub\\challenge-fullstack\\vendor\\laravel\\framework\\src\\Illuminate\\Container\\Container.php(795): Illuminate\\Container\\Container->build()
#10 C:\\Users\\Gabriel\\Documents\\GitHub\\challenge-fullstack\\vendor\\laravel\\framework\\src\\Illuminate\\Foundation\\Application.php(986): Illuminate\\Container\\Container->resolve()
#11 C:\\Users\\Gabriel\\Documents\\GitHub\\challenge-fullstack\\vendor\\laravel\\framework\\src\\Illuminate\\Container\\Container.php(731): Illuminate\\Foundation\\Application->resolve()
#12 C:\\Users\\Gabriel\\Documents\\GitHub\\challenge-fullstack\\vendor\\laravel\\framework\\src\\Illuminate\\Foundation\\Application.php(971): Illuminate\\Container\\Container->make()
#13 C:\\Users\\Gabriel\\Documents\\GitHub\\challenge-fullstack\\vendor\\laravel\\framework\\src\\Illuminate\\Container\\Container.php(1066): Illuminate\\Foundation\\Application->make()
#14 C:\\Users\\Gabriel\\Documents\\GitHub\\challenge-fullstack\\vendor\\laravel\\framework\\src\\Illuminate\\Container\\Container.php(982): Illuminate\\Container\\Container->resolveClass()
#15 C:\\Users\\Gabriel\\Documents\\GitHub\\challenge-fullstack\\vendor\\laravel\\framework\\src\\Illuminate\\Container\\Container.php(943): Illuminate\\Container\\Container->resolveDependencies()
#16 C:\\Users\\Gabriel\\Documents\\GitHub\\challenge-fullstack\\vendor\\laravel\\framework\\src\\Illuminate\\Container\\Container.php(795): Illuminate\\Container\\Container->build()
#17 C:\\Users\\Gabriel\\Documents\\GitHub\\challenge-fullstack\\vendor\\laravel\\framework\\src\\Illuminate\\Foundation\\Application.php(986): Illuminate\\Container\\Container->resolve()
#18 C:\\Users\\Gabriel\\Documents\\GitHub\\challenge-fullstack\\vendor\\laravel\\framework\\src\\Illuminate\\Container\\Container.php(731): Illuminate\\Foundation\\Application->resolve()
#19 C:\\Users\\Gabriel\\Documents\\GitHub\\challenge-fullstack\\vendor\\laravel\\framework\\src\\Illuminate\\Foundation\\Application.php(971): Illuminate\\Container\\Container->make()
#20 C:\\Users\\Gabriel\\Documents\\GitHub\\challenge-fullstack\\vendor\\laravel\\framework\\src\\Illuminate\\Pipeline\\Pipeline.php(172): Illuminate\\Foundation\\Application->make()
#21 C:\\Users\\Gabriel\\Documents\\GitHub\\challenge-fullstack\\vendor\\laravel\\framework\\src\\Illuminate\\Session\\Middleware\\StartSession.php(121): Illuminate\\Pipeline\\Pipeline->{closure:{closure:Illuminate\\Pipeline\\Pipeline::carry():158}:159}()
#22 C:\\Users\\Gabriel\\Documents\\GitHub\\challenge-fullstack\\vendor\\laravel\\framework\\src\\Illuminate\\Session\\Middleware\\StartSession.php(64): Illuminate\\Session\\Middleware\\StartSession->handleStatefulRequest()
#23 C:\\Users\\Gabriel\\Documents\\GitHub\\challenge-fullstack\\vendor\\laravel\\framework\\src\\Illuminate\\Pipeline\\Pipeline.php(183): Illuminate\\Session\\Middleware\\StartSession->handle()
#24 C:\\Users\\Gabriel\\Documents\\GitHub\\challenge-fullstack\\vendor\\laravel\\framework\\src\\Illuminate\\Cookie\\Middleware\\AddQueuedCookiesToResponse.php(37): Illuminate\\Pipeline\\Pipeline->{closure:{closure:Illuminate\\Pipeline\\Pipeline::carry():158}:159}()
#25 C:\\Users\\Gabriel\\Documents\\GitHub\\challenge-fullstack\\vendor\\laravel\\framework\\src\\Illuminate\\Pipeline\\Pipeline.php(183): Illuminate\\Cookie\\Middleware\\AddQueuedCookiesToResponse->handle()
#26 C:\\Users\\Gabriel\\Documents\\GitHub\\challenge-fullstack\\vendor\\laravel\\framework\\src\\Illuminate\\Cookie\\Middleware\\EncryptCookies.php(67): Illuminate\\Pipeline\\Pipeline->{closure:{closure:Illuminate\\Pipeline\\Pipeline::carry():158}:159}()
#27 C:\\Users\\Gabriel\\Documents\\GitHub\\challenge-fullstack\\vendor\\laravel\\framework\\src\\Illuminate\\Pipeline\\Pipeline.php(183): Illuminate\\Cookie\\Middleware\\EncryptCookies->handle()
#28 C:\\Users\\Gabriel\\Documents\\GitHub\\challenge-fullstack\\vendor\\laravel\\framework\\src\\Illuminate\\Pipeline\\Pipeline.php(119): Illuminate\\Pipeline\\Pipeline->{closure:{closure:Illuminate\\Pipeline\\Pipeline::carry():158}:159}()
#29 C:\\Users\\Gabriel\\Documents\\GitHub\\challenge-fullstack\\vendor\\laravel\\framework\\src\\Illuminate\\Routing\\Router.php(805): Illuminate\\Pipeline\\Pipeline->then()
#30 C:\\Users\\Gabriel\\Documents\\GitHub\\challenge-fullstack\\vendor\\laravel\\framework\\src\\Illuminate\\Routing\\Router.php(784): Illuminate\\Routing\\Router->runRouteWithinStack()
#31 C:\\Users\\Gabriel\\Documents\\GitHub\\challenge-fullstack\\vendor\\laravel\\framework\\src\\Illuminate\\Routing\\Router.php(748): Illuminate\\Routing\\Router->runRoute()
#32 C:\\Users\\Gabriel\\Documents\\GitHub\\challenge-fullstack\\vendor\\laravel\\framework\\src\\Illuminate\\Routing\\Router.php(737): Illuminate\\Routing\\Router->dispatchToRoute()
#33 C:\\Users\\Gabriel\\Documents\\GitHub\\challenge-fullstack\\vendor\\laravel\\framework\\src\\Illuminate\\Foundation\\Http\\Kernel.php(200): Illuminate\\Routing\\Router->dispatch()
#34 C:\\Users\\Gabriel\\Documents\\GitHub\\challenge-fullstack\\vendor\\laravel\\framework\\src\\Illuminate\\Pipeline\\Pipeline.php(144): Illuminate\\Foundation\\Http\\Kernel->{closure:Illuminate\\Foundation\\Http\\Kernel::dispatchToRouter():197}()
#35 C:\\Users\\Gabriel\\Documents\\GitHub\\challenge-fullstack\\vendor\\laravel\\framework\\src\\Illuminate\\Foundation\\Http\\Middleware\\TransformsRequest.php(21): Illuminate\\Pipeline\\Pipeline->{closure:Illuminate\\Pipeline\\Pipeline::prepareDestination():142}()
#36 C:\\Users\\Gabriel\\Documents\\GitHub\\challenge-fullstack\\vendor\\laravel\\framework\\src\\Illuminate\\Foundation\\Http\\Middleware\\ConvertEmptyStringsToNull.php(31): Illuminate\\Foundation\\Http\\Middleware\\TransformsRequest->handle()
#37 C:\\Users\\Gabriel\\Documents\\GitHub\\challenge-fullstack\\vendor\\laravel\\framework\\src\\Illuminate\\Pipeline\\Pipeline.php(183): Illuminate\\Foundation\\Http\\Middleware\\ConvertEmptyStringsToNull->handle()
#38 C:\\Users\\Gabriel\\Documents\\GitHub\\challenge-fullstack\\vendor\\laravel\\framework\\src\\Illuminate\\Foundation\\Http\\Middleware\\TransformsRequest.php(21): Illuminate\\Pipeline\\Pipeline->{closure:{closure:Illuminate\\Pipeline\\Pipeline::carry():158}:159}()
#39 C:\\Users\\Gabriel\\Documents\\GitHub\\challenge-fullstack\\vendor\\laravel\\framework\\src\\Illuminate\\Foundation\\Http\\Middleware\\TrimStrings.php(40): Illuminate\\Foundation\\Http\\Middleware\\TransformsRequest->handle()
#40 C:\\Users\\Gabriel\\Documents\\GitHub\\challenge-fullstack\\vendor\\laravel\\framework\\src\\Illuminate\\Pipeline\\Pipeline.php(183): Illuminate\\Foundation\\Http\\Middleware\\TrimStrings->handle()
#41 C:\\Users\\Gabriel\\Documents\\GitHub\\challenge-fullstack\\vendor\\laravel\\framework\\src\\Illuminate\\Foundation\\Http\\Middleware\\ValidatePostSize.php(27): Illuminate\\Pipeline\\Pipeline->{closure:{closure:Illuminate\\Pipeline\\Pipeline::carry():158}:159}()
#42 C:\\Users\\Gabriel\\Documents\\GitHub\\challenge-fullstack\\vendor\\laravel\\framework\\src\\Illuminate\\Pipeline\\Pipeline.php(183): Illuminate\\Foundation\\Http\\Middleware\\ValidatePostSize->handle()
#43 C:\\Users\\Gabriel\\Documents\\GitHub\\challenge-fullstack\\vendor\\laravel\\framework\\src\\Illuminate\\Foundation\\Http\\Middleware\\PreventRequestsDuringMaintenance.php(99): Illuminate\\Pipeline\\Pipeline->{closure:{closure:Illuminate\\Pipeline\\Pipeline::carry():158}:159}()
#44 C:\\Users\\Gabriel\\Documents\\GitHub\\challenge-fullstack\\vendor\\laravel\\framework\\src\\Illuminate\\Pipeline\\Pipeline.php(183): Illuminate\\Foundation\\Http\\Middleware\\PreventRequestsDuringMaintenance->handle()
#45 C:\\Users\\Gabriel\\Documents\\GitHub\\challenge-fullstack\\vendor\\laravel\\framework\\src\\Illuminate\\Http\\Middleware\\HandleCors.php(49): Illuminate\\Pipeline\\Pipeline->{closure:{closure:Illuminate\\Pipeline\\Pipeline::carry():158}:159}()
#46 C:\\Users\\Gabriel\\Documents\\GitHub\\challenge-fullstack\\vendor\\laravel\\framework\\src\\Illuminate\\Pipeline\\Pipeline.php(183): Illuminate\\Http\\Middleware\\HandleCors->handle()
#47 C:\\Users\\Gabriel\\Documents\\GitHub\\challenge-fullstack\\vendor\\laravel\\framework\\src\\Illuminate\\Http\\Middleware\\TrustProxies.php(39): Illuminate\\Pipeline\\Pipeline->{closure:{closure:Illuminate\\Pipeline\\Pipeline::carry():158}:159}()
#48 C:\\Users\\Gabriel\\Documents\\GitHub\\challenge-fullstack\\vendor\\laravel\\framework\\src\\Illuminate\\Pipeline\\Pipeline.php(183): Illuminate\\Http\\Middleware\\TrustProxies->handle()
#49 C:\\Users\\Gabriel\\Documents\\GitHub\\challenge-fullstack\\vendor\\laravel\\framework\\src\\Illuminate\\Pipeline\\Pipeline.php(119): Illuminate\\Pipeline\\Pipeline->{closure:{closure:Illuminate\\Pipeline\\Pipeline::carry():158}:159}()
#50 C:\\Users\\Gabriel\\Documents\\GitHub\\challenge-fullstack\\vendor\\laravel\\framework\\src\\Illuminate\\Foundation\\Http\\Kernel.php(175): Illuminate\\Pipeline\\Pipeline->then()
#51 C:\\Users\\Gabriel\\Documents\\GitHub\\challenge-fullstack\\vendor\\laravel\\framework\\src\\Illuminate\\Foundation\\Http\\Kernel.php(144): Illuminate\\Foundation\\Http\\Kernel->sendRequestThroughRouter()
#52 C:\\Users\\Gabriel\\Documents\\GitHub\\challenge-fullstack\\public\\index.php(50): Illuminate\\Foundation\\Http\\Kernel->handle()
#53 C:\\Users\\Gabriel\\Documents\\GitHub\\challenge-fullstack\\vendor\\laravel\\framework\\src\\Illuminate\\Foundation\\resources\\server.php(16): require_once('...')
#54 {main}
"} 
[2025-12-24 17:30:18] local.ERROR: Illuminate\View\FileViewFinder::__construct(): Argument #2 ($paths) must be of type array, null given, called in C:\Users\Gabriel\Documents\GitHub\challenge-fullstack\vendor\laravel\framework\src\Illuminate\View\ViewServiceProvider.php on line 85 {"exception":"[object] (TypeError(code: 0): Illuminate\\View\\FileViewFinder::__construct(): Argument #2 ($paths) must be of type array, null given, called in C:\\Users\\Gabriel\\Documents\\GitHub\\challenge-fullstack\\vendor\\laravel\\framework\\src\\Illuminate\\View\\ViewServiceProvider.php on line 85 at C:\\Users\\Gabriel\\Documents\\GitHub\\challenge-fullstack\\vendor\\laravel\\framework\\src\\Illuminate\\View\\FileViewFinder.php:53)
[stacktrace]
#0 C:\\Users\\Gabriel\\Documents\\GitHub\\challenge-fullstack\\vendor\\laravel\\framework\\src\\Illuminate\\View\\ViewServiceProvider.php(85): Illuminate\\View\\FileViewFinder->__construct()
#1 C:\\Users\\Gabriel\\Documents\\GitHub\\challenge-fullstack\\vendor\\laravel\\framework\\src\\Illuminate\\Container\\Container.php(908): Illuminate\\View\\ViewServiceProvider->{closure:Illuminate\\View\\ViewServiceProvider::registerViewFinder():84}()
#2 C:\\Users\\Gabriel\\Documents\\GitHub\\challenge-fullstack\\vendor\\laravel\\framework\\src\\Illuminate\\Container\\Container.php(795): Illuminate\\Container\\Container->build()
#3 C:\\Users\\Gabriel\\Documents\\GitHub\\challenge-fullstack\\vendor\\laravel\\framework\\src\\Illuminate\\Foundation\\Application.php(986): Illuminate\\Container\\Container->resolve()
#4 C:\\Users\\Gabriel\\Documents\\GitHub\\challenge-fullstack\\vendor\\laravel\\framework\\src\\Illuminate\\Container\\Container.php(731): Illuminate\\Foundation\\Application->resolve()
#5 C:\\Users\\Gabriel\\Documents\\GitHub\\challenge-fullstack\\vendor\\laravel\\framework\\src\\Illuminate\\Foundation\\Application.php(971): Illuminate\\Container\\Container->make()
#6 C:\\Users\\Gabriel\\Documents\\GitHub\\challenge-fullstack\\vendor\\laravel\\framework\\src\\Illuminate\\Container\\Container.php(1454): Illuminate\\Foundation\\Application->make()
#7 C:\\Users\\Gabriel\\Documents\\GitHub\\challenge-fullstack\\vendor\\laravel\\framework\\src\\Illuminate\\View\\ViewServiceProvider.php(45): Illuminate\\Container\\Container->offsetGet()
#8 C:\\Users\\Gabriel\\Documents\\GitHub\\challenge-fullstack\\vendor\\laravel\\framework\\src\\Illuminate\\Container\\Container.php(908): Illuminate\\View\\ViewServiceProvider->{closure:Illuminate\\View\\ViewServiceProvider::registerFactory():39}()
#9 C:\\Users\\Gabriel\\Documents\\GitHub\\challenge-fullstack\\vendor\\laravel\\framework\\src\\Illuminate\\Container\\Container.php(795): Illuminate\\Container\\Container->build()
#10 C:\\Users\\Gabriel\\Documents\\GitHub\\challenge-fullstack\\vendor\\laravel\\framework\\src\\Illuminate\\Foundation\\Application.php(986): Illuminate\\Container\\Container->resolve()
#11 C:\\Users\\Gabriel\\Documents\\GitHub\\challenge-fullstack\\vendor\\laravel\\framework\\src\\Illuminate\\Container\\Container.php(731): Illuminate\\Foundation\\Application->resolve()
#12 C:\\Users\\Gabriel\\Documents\\GitHub\\challenge-fullstack\\vendor\\laravel\\framework\\src\\Illuminate\\Foundation\\Application.php(971): Illuminate\\Container\\Container->make()
#13 C:\\Users\\Gabriel\\Documents\\GitHub\\challenge-fullstack\\vendor\\laravel\\framework\\src\\Illuminate\\Container\\Container.php(1066): Illuminate\\Foundation\\Application->make()
#14 C:\\Users\\Gabriel\\Documents\\GitHub\\challenge-fullstack\\vendor\\laravel\\framework\\src\\Illuminate\\Container\\Container.php(982): Illuminate\\Container\\Container->resolveClass()
#15 C:\\Users\\Gabriel\\Documents\\GitHub\\challenge-fullstack\\vendor\\laravel\\framework\\src\\Illuminate\\Container\\Container.php(943): Illuminate\\Container\\Container->resolveDependencies()
#16 C:\\Users\\Gabriel\\Documents\\GitHub\\challenge-fullstack\\vendor\\laravel\\framework\\src\\Illuminate\\Container\\Container.php(795): Illuminate\\Container\\Container->build()
#17 C:\\Users\\Gabriel\\Documents\\GitHub\\challenge-fullstack\\vendor\\laravel\\framework\\src\\Illuminate\\Foundation\\Application.php(986): Illuminate\\Container\\Container->resolve()
#18 C:\\Users\\Gabriel\\Documents\\GitHub\\challenge-fullstack\\vendor\\laravel\\framework\\src\\Illuminate\\Container\\Container.php(731): Illuminate\\Foundation\\Application->resolve()
#19 C:\\Users\\Gabriel\\Documents\\GitHub\\challenge-fullstack\\vendor\\laravel\\framework\\src\\Illuminate\\Foundation\\Application.php(971): Illuminate\\Container\\Container->make()
#20 C:\\Users\\Gabriel\\Documents\\GitHub\\challenge-fullstack\\vendor\\laravel\\framework\\src\\Illuminate\\Foundation\\Http\\Kernel.php(255): Illuminate\\Foundation\\Application->make()
#21 C:\\Users\\Gabriel\\Documents\\GitHub\\challenge-fullstack\\vendor\\laravel\\framework\\src\\Illuminate\\Foundation\\Http\\Kernel.php(213): Illuminate\\Foundation\\Http\\Kernel->terminateMiddleware()
#22 C:\\Users\\Gabriel\\Documents\\GitHub\\challenge-fullstack\\public\\index.php(54): Illuminate\\Foundation\\Http\\Kernel->terminate()
#23 C:\\Users\\Gabriel\\Documents\\GitHub\\challenge-fullstack\\vendor\\laravel\\framework\\src\\Illuminate\\Foundation\\resources\\server.php(16): require_once('...')
#24 {main}
"} 
[2025-12-24 17:30:18] local.ERROR: Illuminate\View\FileViewFinder::__construct(): Argument #2 ($paths) must be of type array, null given, called in C:\Users\Gabriel\Documents\GitHub\challenge-fullstack\vendor\laravel\framework\src\Illuminate\View\ViewServiceProvider.php on line 85 {"exception":"[object] (TypeError(code: 0): Illuminate\\View\\FileViewFinder::__construct(): Argument #2 ($paths) must be of type array, null given, called in C:\\Users\\Gabriel\\Documents\\GitHub\\challenge-fullstack\\vendor\\laravel\\framework\\src\\Illuminate\\View\\ViewServiceProvider.php on line 85 at C:\\Users\\Gabriel\\Documents\\GitHub\\challenge-fullstack\\vendor\\laravel\\framework\\src\\Illuminate\\View\\FileViewFinder.php:53)
[stacktrace]
#0 C:\\Users\\Gabriel\\Documents\\GitHub\\challenge-fullstack\\vendor\\laravel\\framework\\src\\Illuminate\\View\\ViewServiceProvider.php(85): Illuminate\\View\\FileViewFinder->__construct()
#1 C:\\Users\\Gabriel\\Documents\\GitHub\\challenge-fullstack\\vendor\\laravel\\framework\\src\\Illuminate\\Container\\Container.php(908): Illuminate\\View\\ViewServiceProvider->{closure:Illuminate\\View\\ViewServiceProvider::registerViewFinder():84}()
#2 C:\\Users\\Gabriel\\Documents\\GitHub\\challenge-fullstack\\vendor\\laravel\\framework\\src\\Illuminate\\Container\\Container.php(795): Illuminate\\Container\\Container->build()
#3 C:\\Users\\Gabriel\\Documents\\GitHub\\challenge-fullstack\\vendor\\laravel\\framework\\src\\Illuminate\\Foundation\\Application.php(986): Illuminate\\Container\\Container->resolve()
#4 C:\\Users\\Gabriel\\Documents\\GitHub\\challenge-fullstack\\vendor\\laravel\\framework\\src\\Illuminate\\Container\\Container.php(731): Illuminate\\Foundation\\Application->resolve()
#5 C:\\Users\\Gabriel\\Documents\\GitHub\\challenge-fullstack\\vendor\\laravel\\framework\\src\\Illuminate\\Foundation\\Application.php(971): Illuminate\\Container\\Container->make()
#6 C:\\Users\\Gabriel\\Documents\\GitHub\\challenge-fullstack\\vendor\\laravel\\framework\\src\\Illuminate\\Container\\Container.php(1454): Illuminate\\Foundation\\Application->make()
#7 C:\\Users\\Gabriel\\Documents\\GitHub\\challenge-fullstack\\vendor\\laravel\\framework\\src\\Illuminate\\View\\ViewServiceProvider.php(45): Illuminate\\Container\\Container->offsetGet()
#8 C:\\Users\\Gabriel\\Documents\\GitHub\\challenge-fullstack\\vendor\\laravel\\framework\\src\\Illuminate\\Container\\Container.php(908): Illuminate\\View\\ViewServiceProvider->{closure:Illuminate\\View\\ViewServiceProvider::registerFactory():39}()
#9 C:\\Users\\Gabriel\\Documents\\GitHub\\challenge-fullstack\\vendor\\laravel\\framework\\src\\Illuminate\\Container\\Container.php(795): Illuminate\\Container\\Container->build()
#10 C:\\Users\\Gabriel\\Documents\\GitHub\\challenge-fullstack\\vendor\\laravel\\framework\\src\\Illuminate\\Foundation\\Application.php(986): Illuminate\\Container\\Container->resolve()
#11 C:\\Users\\Gabriel\\Documents\\GitHub\\challenge-fullstack\\vendor\\laravel\\framework\\src\\Illuminate\\Container\\Container.php(731): Illuminate\\Foundation\\Application->resolve()
#12 C:\\Users\\Gabriel\\Documents\\GitHub\\challenge-fullstack\\vendor\\laravel\\framework\\src\\Illuminate\\Foundation\\Application.php(971): Illuminate\\Container\\Container->make()
#13 C:\\Users\\Gabriel\\Documents\\GitHub\\challenge-fullstack\\vendor\\laravel\\framework\\src\\Illuminate\\Container\\Container.php(1066): Illuminate\\Foundation\\Application->make()
#14 C:\\Users\\Gabriel\\Documents\\GitHub\\challenge-fullstack\\vendor\\laravel\\framework\\src\\Illuminate\\Container\\Container.php(982): Illuminate\\Container\\Container->resolveClass()
#15 C:\\Users\\Gabriel\\Documents\\GitHub\\challenge-fullstack\\vendor\\laravel\\framework\\src\\Illuminate\\Container\\Container.php(943): Illuminate\\Container\\Container->resolveDependencies()
#16 C:\\Users\\Gabriel\\Documents\\GitHub\\challenge-fullstack\\vendor\\laravel\\framework\\src\\Illuminate\\Container\\Container.php(795): Illuminate\\Container\\Container->build()
#17 C:\\Users\\Gabriel\\Documents\\GitHub\\challenge-fullstack\\vendor\\laravel\\framework\\src\\Illuminate\\Foundation\\Application.php(986): Illuminate\\Container\\Container->resolve()
#18 C:\\Users\\Gabriel\\Documents\\GitHub\\challenge-fullstack\\vendor\\laravel\\framework\\src\\Illuminate\\Container\\Container.php(731): Illuminate\\Foundation\\Application->resolve()
#19 C:\\Users\\Gabriel\\Documents\\GitHub\\challenge-fullstack\\vendor\\laravel\\framework\\src\\Illuminate\\Foundation\\Application.php(971): Illuminate\\Container\\Container->make()
#20 C:\\Users\\Gabriel\\Documents\\GitHub\\challenge-fullstack\\vendor\\laravel\\framework\\src\\Illuminate\\Pipeline\\Pipeline.php(172): Illuminate\\Foundation\\Application->make()
#21 C:\\Users\\Gabriel\\Documents\\GitHub\\challenge-fullstack\\vendor\\laravel\\framework\\src\\Illuminate\\Session\\Middleware\\StartSession.php(121): Illuminate\\Pipeline\\Pipeline->{closure:{closure:Illuminate\\Pipeline\\Pipeline::carry():158}:159}()
#22 C:\\Users\\Gabriel\\Documents\\GitHub\\challenge-fullstack\\vendor\\laravel\\framework\\src\\Illuminate\\Session\\Middleware\\StartSession.php(64): Illuminate\\Session\\Middleware\\StartSession->handleStatefulRequest()
#23 C:\\Users\\Gabriel\\Documents\\GitHub\\challenge-fullstack\\vendor\\laravel\\framework\\src\\Illuminate\\Pipeline\\Pipeline.php(183): Illuminate\\Session\\Middleware\\StartSession->handle()
#24 C:\\Users\\Gabriel\\Documents\\GitHub\\challenge-fullstack\\vendor\\laravel\\framework\\src\\Illuminate\\Cookie\\Middleware\\AddQueuedCookiesToResponse.php(37): Illuminate\\Pipeline\\Pipeline->{closure:{closure:Illuminate\\Pipeline\\Pipeline::carry():158}:159}()
#25 C:\\Users\\Gabriel\\Documents\\GitHub\\challenge-fullstack\\vendor\\laravel\\framework\\src\\Illuminate\\Pipeline\\Pipeline.php(183): Illuminate\\Cookie\\Middleware\\AddQueuedCookiesToResponse->handle()
#26 C:\\Users\\Gabriel\\Documents\\GitHub\\challenge-fullstack\\vendor\\laravel\\framework\\src\\Illuminate\\Cookie\\Middleware\\EncryptCookies.php(67): Illuminate\\Pipeline\\Pipeline->{closure:{closure:Illuminate\\Pipeline\\Pipeline::carry():158}:159}()
#27 C:\\Users\\Gabriel\\Documents\\GitHub\\challenge-fullstack\\vendor\\laravel\\framework\\src\\Illuminate\\Pipeline\\Pipeline.php(183): Illuminate\\Cookie\\Middleware\\EncryptCookies->handle()
#28 C:\\Users\\Gabriel\\Documents\\GitHub\\challenge-fullstack\\vendor\\laravel\\framework\\src\\Illuminate\\Pipeline\\Pipeline.php(119): Illuminate\\Pipeline\\Pipeline->{closure:{closure:Illuminate\\Pipeline\\Pipeline::carry():158}:159}()
#29 C:\\Users\\Gabriel\\Documents\\GitHub\\challenge-fullstack\\vendor\\laravel\\framework\\src\\Illuminate\\Routing\\Router.php(805): Illuminate\\Pipeline\\Pipeline->then()
#30 C:\\Users\\Gabriel\\Documents\\GitHub\\challenge-fullstack\\vendor\\laravel\\framework\\src\\Illuminate\\Routing\\Router.php(784): Illuminate\\Routing\\Router->runRouteWithinStack()
#31 C:\\Users\\Gabriel\\Documents\\GitHub\\challenge-fullstack\\vendor\\laravel\\framework\\src\\Illuminate\\Routing\\Router.php(748): Illuminate\\Routing\\Router->runRoute()
#32 C:\\Users\\Gabriel\\Documents\\GitHub\\challenge-fullstack\\vendor\\laravel\\framework\\src\\Illuminate\\Routing\\Router.php(737): Illuminate\\Routing\\Router->dispatchToRoute()
#33 C:\\Users\\Gabriel\\Documents\\GitHub\\challenge-fullstack\\vendor\\laravel\\framework\\src\\Illuminate\\Foundation\\Http\\Kernel.php(200): Illuminate\\Routing\\Router->dispatch()
#34 C:\\Users\\Gabriel\\Documents\\GitHub\\challenge-fullstack\\vendor\\laravel\\framework\\src\\Illuminate\\Pipeline\\Pipeline.php(144): Illuminate\\Foundation\\Http\\Kernel->{closure:Illuminate\\Foundation\\Http\\Kernel::dispatchToRouter():197}()
#35 C:\\Users\\Gabriel\\Documents\\GitHub\\challenge-fullstack\\vendor\\laravel\\framework\\src\\Illuminate\\Foundation\\Http\\Middleware\\TransformsRequest.php(21): Illuminate\\Pipeline\\Pipeline->{closure:Illuminate\\Pipeline\\Pipeline::prepareDestination():142}()
#36 C:\\Users\\Gabriel\\Documents\\GitHub\\challenge-fullstack\\vendor\\laravel\\framework\\src\\Illuminate\\Foundation\\Http\\Middleware\\ConvertEmptyStringsToNull.php(31): Illuminate\\Foundation\\Http\\Middleware\\TransformsRequest->handle()
#37 C:\\Users\\Gabriel\\Documents\\GitHub\\challenge-fullstack\\vendor\\laravel\\framework\\src\\Illuminate\\Pipeline\\Pipeline.php(183): Illuminate\\Foundation\\Http\\Middleware\\ConvertEmptyStringsToNull->handle()
#38 C:\\Users\\Gabriel\\Documents\\GitHub\\challenge-fullstack\\vendor\\laravel\\framework\\src\\Illuminate\\Foundation\\Http\\Middleware\\TransformsRequest.php(21): Illuminate\\Pipeline\\Pipeline->{closure:{closure:Illuminate\\Pipeline\\Pipeline::carry():158}:159}()
#39 C:\\Users\\Gabriel\\Documents\\GitHub\\challenge-fullstack\\vendor\\laravel\\framework\\src\\Illuminate\\Foundation\\Http\\Middleware\\TrimStrings.php(40): Illuminate\\Foundation\\Http\\Middleware\\TransformsRequest->handle()
#40 C:\\Users\\Gabriel\\Documents\\GitHub\\challenge-fullstack\\vendor\\laravel\\framework\\src\\Illuminate\\Pipeline\\Pipeline.php(183): Illuminate\\Foundation\\Http\\Middleware\\TrimStrings->handle()
#41 C:\\Users\\Gabriel\\Documents\\GitHub\\challenge-fullstack\\vendor\\laravel\\framework\\src\\Illuminate\\Foundation\\Http\\Middleware\\ValidatePostSize.php(27): Illuminate\\Pipeline\\Pipeline->{closure:{closure:Illuminate\\Pipeline\\Pipeline::carry():158}:159}()
#42 C:\\Users\\Gabriel\\Documents\\GitHub\\challenge-fullstack\\vendor\\laravel\\framework\\src\\Illuminate\\Pipeline\\Pipeline.php(183): Illuminate\\Foundation\\Http\\Middleware\\ValidatePostSize->handle()
#43 C:\\Users\\Gabriel\\Documents\\GitHub\\challenge-fullstack\\vendor\\laravel\\framework\\src\\Illuminate\\Foundation\\Http\\Middleware\\PreventRequestsDuringMaintenance.php(99): Illuminate\\Pipeline\\Pipeline->{closure:{closure:Illuminate\\Pipeline\\Pipeline::carry():158}:159}()
#44 C:\\Users\\Gabriel\\Documents\\GitHub\\challenge-fullstack\\vendor\\laravel\\framework\\src\\Illuminate\\Pipeline\\Pipeline.php(183): Illuminate\\Foundation\\Http\\Middleware\\PreventRequestsDuringMaintenance->handle()
#45 C:\\Users\\Gabriel\\Documents\\GitHub\\challenge-fullstack\\vendor\\laravel\\framework\\src\\Illuminate\\Http\\Middleware\\HandleCors.php(49): Illuminate\\Pipeline\\Pipeline->{closure:{closure:Illuminate\\Pipeline\\Pipeline::carry():158}:159}()
#46 C:\\Users\\Gabriel\\Documents\\GitHub\\challenge-fullstack\\vendor\\laravel\\framework\\src\\Illuminate\\Pipeline\\Pipeline.php(183): Illuminate\\Http\\Middleware\\HandleCors->handle()
#47 C:\\Users\\Gabriel\\Documents\\GitHub\\challenge-fullstack\\vendor\\laravel\\framework\\src\\Illuminate\\Http\\Middleware\\TrustProxies.php(39): Illuminate\\Pipeline\\Pipeline->{closure:{closure:Illuminate\\Pipeline\\Pipeline::carry():158}:159}()
#48 C:\\Users\\Gabriel\\Documents\\GitHub\\challenge-fullstack\\vendor\\laravel\\framework\\src\\Illuminate\\Pipeline\\Pipeline.php(183): Illuminate\\Http\\Middleware\\TrustProxies->handle()
#49 C:\\Users\\Gabriel\\Documents\\GitHub\\challenge-fullstack\\vendor\\laravel\\framework\\src\\Illuminate\\Pipeline\\Pipeline.php(119): Illuminate\\Pipeline\\Pipeline->{closure:{closure:Illuminate\\Pipeline\\Pipeline::carry():158}:159}()
#50 C:\\Users\\Gabriel\\Documents\\GitHub\\challenge-fullstack\\vendor\\laravel\\framework\\src\\Illuminate\\Foundation\\Http\\Kernel.php(175): Illuminate\\Pipeline\\Pipeline->then()
#51 C:\\Users\\Gabriel\\Documents\\GitHub\\challenge-fullstack\\vendor\\laravel\\framework\\src\\Illuminate\\Foundation\\Http\\Kernel.php(144): Illuminate\\Foundation\\Http\\Kernel->sendRequestThroughRouter()
#52 C:\\Users\\Gabriel\\Documents\\GitHub\\challenge-fullstack\\public\\index.php(50): Illuminate\\Foundation\\Http\\Kernel->handle()
#53 C:\\Users\\Gabriel\\Documents\\GitHub\\challenge-fullstack\\vendor\\laravel\\framework\\src\\Illuminate\\Foundation\\resources\\server.php(16): require_once('...')
#54 {main}
"} 
[2025-12-24 17:30:19] local.ERROR: Illuminate\View\FileViewFinder::__construct(): Argument #2 ($paths) must be of type array, null given, called in C:\Users\Gabriel\Documents\GitHub\challenge-fullstack\vendor\laravel\framework\src\Illuminate\View\ViewServiceProvider.php on line 85 {"exception":"[object] (TypeError(code: 0): Illuminate\\View\\FileViewFinder::__construct(): Argument #2 ($paths) must be of type array, null given, called in C:\\Users\\Gabriel\\Documents\\GitHub\\challenge-fullstack\\vendor\\laravel\\framework\\src\\Illuminate\\View\\ViewServiceProvider.php on line 85 at C:\\Users\\Gabriel\\Documents\\GitHub\\challenge-fullstack\\vendor\\laravel\\framework\\src\\Illuminate\\View\\FileViewFinder.php:53)
[stacktrace]
#0 C:\\Users\\Gabriel\\Documents\\GitHub\\challenge-fullstack\\vendor\\laravel\\framework\\src\\Illuminate\\View\\ViewServiceProvider.php(85): Illuminate\\View\\FileViewFinder->__construct()
#1 C:\\Users\\Gabriel\\Documents\\GitHub\\challenge-fullstack\\vendor\\laravel\\framework\\src\\Illuminate\\Container\\Container.php(908): Illuminate\\View\\ViewServiceProvider->{closure:Illuminate\\View\\ViewServiceProvider::registerViewFinder():84}()
#2 C:\\Users\\Gabriel\\Documents\\GitHub\\challenge-fullstack\\vendor\\laravel\\framework\\src\\Illuminate\\Container\\Container.php(795): Illuminate\\Container\\Container->build()
#3 C:\\Users\\Gabriel\\Documents\\GitHub\\challenge-fullstack\\vendor\\laravel\\framework\\src\\Illuminate\\Foundation\\Application.php(986): Illuminate\\Container\\Container->resolve()
#4 C:\\Users\\Gabriel\\Documents\\GitHub\\challenge-fullstack\\vendor\\laravel\\framework\\src\\Illuminate\\Container\\Container.php(731): Illuminate\\Foundation\\Application->resolve()
#5 C:\\Users\\Gabriel\\Documents\\GitHub\\challenge-fullstack\\vendor\\laravel\\framework\\src\\Illuminate\\Foundation\\Application.php(971): Illuminate\\Container\\Container->make()
#6 C:\\Users\\Gabriel\\Documents\\GitHub\\challenge-fullstack\\vendor\\laravel\\framework\\src\\Illuminate\\Container\\Container.php(1454): Illuminate\\Foundation\\Application->make()
#7 C:\\Users\\Gabriel\\Documents\\GitHub\\challenge-fullstack\\vendor\\laravel\\framework\\src\\Illuminate\\View\\ViewServiceProvider.php(45): Illuminate\\Container\\Container->offsetGet()
#8 C:\\Users\\Gabriel\\Documents\\GitHub\\challenge-fullstack\\vendor\\laravel\\framework\\src\\Illuminate\\Container\\Container.php(908): Illuminate\\View\\ViewServiceProvider->{closure:Illuminate\\View\\ViewServiceProvider::registerFactory():39}()
#9 C:\\Users\\Gabriel\\Documents\\GitHub\\challenge-fullstack\\vendor\\laravel\\framework\\src\\Illuminate\\Container\\Container.php(795): Illuminate\\Container\\Container->build()
#10 C:\\Users\\Gabriel\\Documents\\GitHub\\challenge-fullstack\\vendor\\laravel\\framework\\src\\Illuminate\\Foundation\\Application.php(986): Illuminate\\Container\\Container->resolve()
#11 C:\\Users\\Gabriel\\Documents\\GitHub\\challenge-fullstack\\vendor\\laravel\\framework\\src\\Illuminate\\Container\\Container.php(731): Illuminate\\Foundation\\Application->resolve()
#12 C:\\Users\\Gabriel\\Documents\\GitHub\\challenge-fullstack\\vendor\\laravel\\framework\\src\\Illuminate\\Foundation\\Application.php(971): Illuminate\\Container\\Container->make()
#13 C:\\Users\\Gabriel\\Documents\\GitHub\\challenge-fullstack\\vendor\\laravel\\framework\\src\\Illuminate\\Container\\Container.php(1066): Illuminate\\Foundation\\Application->make()
#14 C:\\Users\\Gabriel\\Documents\\GitHub\\challenge-fullstack\\vendor\\laravel\\framework\\src\\Illuminate\\Container\\Container.php(982): Illuminate\\Container\\Container->resolveClass()
#15 C:\\Users\\Gabriel\\Documents\\GitHub\\challenge-fullstack\\vendor\\laravel\\framework\\src\\Illuminate\\Container\\Container.php(943): Illuminate\\Container\\Container->resolveDependencies()
#16 C:\\Users\\Gabriel\\Documents\\GitHub\\challenge-fullstack\\vendor\\laravel\\framework\\src\\Illuminate\\Container\\Container.php(795): Illuminate\\Container\\Container->build()
#17 C:\\Users\\Gabriel\\Documents\\GitHub\\challenge-fullstack\\vendor\\laravel\\framework\\src\\Illuminate\\Foundation\\Application.php(986): Illuminate\\Container\\Container->resolve()
#18 C:\\Users\\Gabriel\\Documents\\GitHub\\challenge-fullstack\\vendor\\laravel\\framework\\src\\Illuminate\\Container\\Container.php(731): Illuminate\\Foundation\\Application->resolve()
#19 C:\\Users\\Gabriel\\Documents\\GitHub\\challenge-fullstack\\vendor\\laravel\\framework\\src\\Illuminate\\Foundation\\Application.php(971): Illuminate\\Container\\Container->make()
#20 C:\\Users\\Gabriel\\Documents\\GitHub\\challenge-fullstack\\vendor\\laravel\\framework\\src\\Illuminate\\Foundation\\Http\\Kernel.php(255): Illuminate\\Foundation\\Application->make()
#21 C:\\Users\\Gabriel\\Documents\\GitHub\\challenge-fullstack\\vendor\\laravel\\framework\\src\\Illuminate\\Foundation\\Http\\Kernel.php(213): Illuminate\\Foundation\\Http\\Kernel->terminateMiddleware()
#22 C:\\Users\\Gabriel\\Documents\\GitHub\\challenge-fullstack\\public\\index.php(54): Illuminate\\Foundation\\Http\\Kernel->terminate()
#23 C:\\Users\\Gabriel\\Documents\\GitHub\\challenge-fullstack\\vendor\\laravel\\framework\\src\\Illuminate\\Foundation\\resources\\server.php(16): require_once('...')
#24 {main}
"} 
[2025-12-24 17:30:19] local.ERROR: Illuminate\View\FileViewFinder::__construct(): Argument #2 ($paths) must be of type array, null given, called in C:\Users\Gabriel\Documents\GitHub\challenge-fullstack\vendor\laravel\framework\src\Illuminate\View\ViewServiceProvider.php on line 85 {"exception":"[object] (TypeError(code: 0): Illuminate\\View\\FileViewFinder::__construct(): Argument #2 ($paths) must be of type array, null given, called in C:\\Users\\Gabriel\\Documents\\GitHub\\challenge-fullstack\\vendor\\laravel\\framework\\src\\Illuminate\\View\\ViewServiceProvider.php on line 85 at C:\\Users\\Gabriel\\Documents\\GitHub\\challenge-fullstack\\vendor\\laravel\\framework\\src\\Illuminate\\View\\FileViewFinder.php:53)
[stacktrace]
#0 C:\\Users\\Gabriel\\Documents\\GitHub\\challenge-fullstack\\vendor\\laravel\\framework\\src\\Illuminate\\View\\ViewServiceProvider.php(85): Illuminate\\View\\FileViewFinder->__construct()
#1 C:\\Users\\Gabriel\\Documents\\GitHub\\challenge-fullstack\\vendor\\laravel\\framework\\src\\Illuminate\\Container\\Container.php(908): Illuminate\\View\\ViewServiceProvider->{closure:Illuminate\\View\\ViewServiceProvider::registerViewFinder():84}()
#2 C:\\Users\\Gabriel\\Documents\\GitHub\\challenge-fullstack\\vendor\\laravel\\framework\\src\\Illuminate\\Container\\Container.php(795): Illuminate\\Container\\Container->build()
#3 C:\\Users\\Gabriel\\Documents\\GitHub\\challenge-fullstack\\vendor\\laravel\\framework\\src\\Illuminate\\Foundation\\Application.php(986): Illuminate\\Container\\Container->resolve()
#4 C:\\Users\\Gabriel\\Documents\\GitHub\\challenge-fullstack\\vendor\\laravel\\framework\\src\\Illuminate\\Container\\Container.php(731): Illuminate\\Foundation\\Application->resolve()
#5 C:\\Users\\Gabriel\\Documents\\GitHub\\challenge-fullstack\\vendor\\laravel\\framework\\src\\Illuminate\\Foundation\\Application.php(971): Illuminate\\Container\\Container->make()
#6 C:\\Users\\Gabriel\\Documents\\GitHub\\challenge-fullstack\\vendor\\laravel\\framework\\src\\Illuminate\\Container\\Container.php(1454): Illuminate\\Foundation\\Application->make()
#7 C:\\Users\\Gabriel\\Documents\\GitHub\\challenge-fullstack\\vendor\\laravel\\framework\\src\\Illuminate\\View\\ViewServiceProvider.php(45): Illuminate\\Container\\Container->offsetGet()
#8 C:\\Users\\Gabriel\\Documents\\GitHub\\challenge-fullstack\\vendor\\laravel\\framework\\src\\Illuminate\\Container\\Container.php(908): Illuminate\\View\\ViewServiceProvider->{closure:Illuminate\\View\\ViewServiceProvider::registerFactory():39}()
#9 C:\\Users\\Gabriel\\Documents\\GitHub\\challenge-fullstack\\vendor\\laravel\\framework\\src\\Illuminate\\Container\\Container.php(795): Illuminate\\Container\\Container->build()
#10 C:\\Users\\Gabriel\\Documents\\GitHub\\challenge-fullstack\\vendor\\laravel\\framework\\src\\Illuminate\\Foundation\\Application.php(986): Illuminate\\Container\\Container->resolve()
#11 C:\\Users\\Gabriel\\Documents\\GitHub\\challenge-fullstack\\vendor\\laravel\\framework\\src\\Illuminate\\Container\\Container.php(731): Illuminate\\Foundation\\Application->resolve()
#12 C:\\Users\\Gabriel\\Documents\\GitHub\\challenge-fullstack\\vendor\\laravel\\framework\\src\\Illuminate\\Foundation\\Application.php(971): Illuminate\\Container\\Container->make()
#13 C:\\Users\\Gabriel\\Documents\\GitHub\\challenge-fullstack\\vendor\\laravel\\framework\\src\\Illuminate\\Container\\Container.php(1066): Illuminate\\Foundation\\Application->make()
#14 C:\\Users\\Gabriel\\Documents\\GitHub\\challenge-fullstack\\vendor\\laravel\\framework\\src\\Illuminate\\Container\\Container.php(982): Illuminate\\Container\\Container->resolveClass()
#15 C:\\Users\\Gabriel\\Documents\\GitHub\\challenge-fullstack\\vendor\\laravel\\framework\\src\\Illuminate\\Container\\Container.php(943): Illuminate\\Container\\Container->resolveDependencies()
#16 C:\\Users\\Gabriel\\Documents\\GitHub\\challenge-fullstack\\vendor\\laravel\\framework\\src\\Illuminate\\Container\\Container.php(795): Illuminate\\Container\\Container->build()
#17 C:\\Users\\Gabriel\\Documents\\GitHub\\challenge-fullstack\\vendor\\laravel\\framework\\src\\Illuminate\\Foundation\\Application.php(986): Illuminate\\Container\\Container->resolve()
#18 C:\\Users\\Gabriel\\Documents\\GitHub\\challenge-fullstack\\vendor\\laravel\\framework\\src\\Illuminate\\Container\\Container.php(731): Illuminate\\Foundation\\Application->resolve()
#19 C:\\Users\\Gabriel\\Documents\\GitHub\\challenge-fullstack\\vendor\\laravel\\framework\\src\\Illuminate\\Foundation\\Application.php(971): Illuminate\\Container\\Container->make()
#20 C:\\Users\\Gabriel\\Documents\\GitHub\\challenge-fullstack\\vendor\\laravel\\framework\\src\\Illuminate\\Pipeline\\Pipeline.php(172): Illuminate\\Foundation\\Application->make()
#21 C:\\Users\\Gabriel\\Documents\\GitHub\\challenge-fullstack\\vendor\\laravel\\framework\\src\\Illuminate\\Session\\Middleware\\StartSession.php(121): Illuminate\\Pipeline\\Pipeline->{closure:{closure:Illuminate\\Pipeline\\Pipeline::carry():158}:159}()
#22 C:\\Users\\Gabriel\\Documents\\GitHub\\challenge-fullstack\\vendor\\laravel\\framework\\src\\Illuminate\\Session\\Middleware\\StartSession.php(64): Illuminate\\Session\\Middleware\\StartSession->handleStatefulRequest()
#23 C:\\Users\\Gabriel\\Documents\\GitHub\\challenge-fullstack\\vendor\\laravel\\framework\\src\\Illuminate\\Pipeline\\Pipeline.php(183): Illuminate\\Session\\Middleware\\StartSession->handle()
#24 C:\\Users\\Gabriel\\Documents\\GitHub\\challenge-fullstack\\vendor\\laravel\\framework\\src\\Illuminate\\Cookie\\Middleware\\AddQueuedCookiesToResponse.php(37): Illuminate\\Pipeline\\Pipeline->{closure:{closure:Illuminate\\Pipeline\\Pipeline::carry():158}:159}()
#25 C:\\Users\\Gabriel\\Documents\\GitHub\\challenge-fullstack\\vendor\\laravel\\framework\\src\\Illuminate\\Pipeline\\Pipeline.php(183): Illuminate\\Cookie\\Middleware\\AddQueuedCookiesToResponse->handle()
#26 C:\\Users\\Gabriel\\Documents\\GitHub\\challenge-fullstack\\vendor\\laravel\\framework\\src\\Illuminate\\Cookie\\Middleware\\EncryptCookies.php(67): Illuminate\\Pipeline\\Pipeline->{closure:{closure:Illuminate\\Pipeline\\Pipeline::carry():158}:159}()
#27 C:\\Users\\Gabriel\\Documents\\GitHub\\challenge-fullstack\\vendor\\laravel\\framework\\src\\Illuminate\\Pipeline\\Pipeline.php(183): Illuminate\\Cookie\\Middleware\\EncryptCookies->handle()
#28 C:\\Users\\Gabriel\\Documents\\GitHub\\challenge-fullstack\\vendor\\laravel\\framework\\src\\Illuminate\\Pipeline\\Pipeline.php(119): Illuminate\\Pipeline\\Pipeline->{closure:{closure:Illuminate\\Pipeline\\Pipeline::carry():158}:159}()
#29 C:\\Users\\Gabriel\\Documents\\GitHub\\challenge-fullstack\\vendor\\laravel\\framework\\src\\Illuminate\\Routing\\Router.php(805): Illuminate\\Pipeline\\Pipeline->then()
#30 C:\\Users\\Gabriel\\Documents\\GitHub\\challenge-fullstack\\vendor\\laravel\\framework\\src\\Illuminate\\Routing\\Router.php(784): Illuminate\\Routing\\Router->runRouteWithinStack()
#31 C:\\Users\\Gabriel\\Documents\\GitHub\\challenge-fullstack\\vendor\\laravel\\framework\\src\\Illuminate\\Routing\\Router.php(748): Illuminate\\Routing\\Router->runRoute()
#32 C:\\Users\\Gabriel\\Documents\\GitHub\\challenge-fullstack\\vendor\\laravel\\framework\\src\\Illuminate\\Routing\\Router.php(737): Illuminate\\Routing\\Router->dispatchToRoute()
#33 C:\\Users\\Gabriel\\Documents\\GitHub\\challenge-fullstack\\vendor\\laravel\\framework\\src\\Illuminate\\Foundation\\Http\\Kernel.php(200): Illuminate\\Routing\\Router->dispatch()
#34 C:\\Users\\Gabriel\\Documents\\GitHub\\challenge-fullstack\\vendor\\laravel\\framework\\src\\Illuminate\\Pipeline\\Pipeline.php(144): Illuminate\\Foundation\\Http\\Kernel->{closure:Illuminate\\Foundation\\Http\\Kernel::dispatchToRouter():197}()
#35 C:\\Users\\Gabriel\\Documents\\GitHub\\challenge-fullstack\\vendor\\laravel\\framework\\src\\Illuminate\\Foundation\\Http\\Middleware\\TransformsRequest.php(21): Illuminate\\Pipeline\\Pipeline->{closure:Illuminate\\Pipeline\\Pipeline::prepareDestination():142}()
#36 C:\\Users\\Gabriel\\Documents\\GitHub\\challenge-fullstack\\vendor\\laravel\\framework\\src\\Illuminate\\Foundation\\Http\\Middleware\\ConvertEmptyStringsToNull.php(31): Illuminate\\Foundation\\Http\\Middleware\\TransformsRequest->handle()
#37 C:\\Users\\Gabriel\\Documents\\GitHub\\challenge-fullstack\\vendor\\laravel\\framework\\src\\Illuminate\\Pipeline\\Pipeline.php(183): Illuminate\\Foundation\\Http\\Middleware\\ConvertEmptyStringsToNull->handle()
#38 C:\\Users\\Gabriel\\Documents\\GitHub\\challenge-fullstack\\vendor\\laravel\\framework\\src\\Illuminate\\Foundation\\Http\\Middleware\\TransformsRequest.php(21): Illuminate\\Pipeline\\Pipeline->{closure:{closure:Illuminate\\Pipeline\\Pipeline::carry():158}:159}()
#39 C:\\Users\\Gabriel\\Documents\\GitHub\\challenge-fullstack\\vendor\\laravel\\framework\\src\\Illuminate\\Foundation\\Http\\Middleware\\TrimStrings.php(40): Illuminate\\Foundation\\Http\\Middleware\\TransformsRequest->handle()
#40 C:\\Users\\Gabriel\\Documents\\GitHub\\challenge-fullstack\\vendor\\laravel\\framework\\src\\Illuminate\\Pipeline\\Pipeline.php(183): Illuminate\\Foundation\\Http\\Middleware\\TrimStrings->handle()
#41 C:\\Users\\Gabriel\\Documents\\GitHub\\challenge-fullstack\\vendor\\laravel\\framework\\src\\Illuminate\\Foundation\\Http\\Middleware\\ValidatePostSize.php(27): Illuminate\\Pipeline\\Pipeline->{closure:{closure:Illuminate\\Pipeline\\Pipeline::carry():158}:159}()
#42 C:\\Users\\Gabriel\\Documents\\GitHub\\challenge-fullstack\\vendor\\laravel\\framework\\src\\Illuminate\\Pipeline\\Pipeline.php(183): Illuminate\\Foundation\\Http\\Middleware\\ValidatePostSize->handle()
#43 C:\\Users\\Gabriel\\Documents\\GitHub\\challenge-fullstack\\vendor\\laravel\\framework\\src\\Illuminate\\Foundation\\Http\\Middleware\\PreventRequestsDuringMaintenance.php(99): Illuminate\\Pipeline\\Pipeline->{closure:{closure:Illuminate\\Pipeline\\Pipeline::carry():158}:159}()
#44 C:\\Users\\Gabriel\\Documents\\GitHub\\challenge-fullstack\\vendor\\laravel\\framework\\src\\Illuminate\\Pipeline\\Pipeline.php(183): Illuminate\\Foundation\\Http\\Middleware\\PreventRequestsDuringMaintenance->handle()
#45 C:\\Users\\Gabriel\\Documents\\GitHub\\challenge-fullstack\\vendor\\laravel\\framework\\src\\Illuminate\\Http\\Middleware\\HandleCors.php(49): Illuminate\\Pipeline\\Pipeline->{closure:{closure:Illuminate\\Pipeline\\Pipeline::carry():158}:159}()
#46 C:\\Users\\Gabriel\\Documents\\GitHub\\challenge-fullstack\\vendor\\laravel\\framework\\src\\Illuminate\\Pipeline\\Pipeline.php(183): Illuminate\\Http\\Middleware\\HandleCors->handle()
#47 C:\\Users\\Gabriel\\Documents\\GitHub\\challenge-fullstack\\vendor\\laravel\\framework\\src\\Illuminate\\Http\\Middleware\\TrustProxies.php(39): Illuminate\\Pipeline\\Pipeline->{closure:{closure:Illuminate\\Pipeline\\Pipeline::carry():158}:159}()
#48 C:\\Users\\Gabriel\\Documents\\GitHub\\challenge-fullstack\\vendor\\laravel\\framework\\src\\Illuminate\\Pipeline\\Pipeline.php(183): Illuminate\\Http\\Middleware\\TrustProxies->handle()
#49 C:\\Users\\Gabriel\\Documents\\GitHub\\challenge-fullstack\\vendor\\laravel\\framework\\src\\Illuminate\\Pipeline\\Pipeline.php(119): Illuminate\\Pipeline\\Pipeline->{closure:{closure:Illuminate\\Pipeline\\Pipeline::carry():158}:159}()
#50 C:\\Users\\Gabriel\\Documents\\GitHub\\challenge-fullstack\\vendor\\laravel\\framework\\src\\Illuminate\\Foundation\\Http\\Kernel.php(175): Illuminate\\Pipeline\\Pipeline->then()
#51 C:\\Users\\Gabriel\\Documents\\GitHub\\challenge-fullstack\\vendor\\laravel\\framework\\src\\Illuminate\\Foundation\\Http\\Kernel.php(144): Illuminate\\Foundation\\Http\\Kernel->sendRequestThroughRouter()
#52 C:\\Users\\Gabriel\\Documents\\GitHub\\challenge-fullstack\\public\\index.php(50): Illuminate\\Foundation\\Http\\Kernel->handle()
#53 C:\\Users\\Gabriel\\Documents\\GitHub\\challenge-fullstack\\vendor\\laravel\\framework\\src\\Illuminate\\Foundation\\resources\\server.php(16): require_once('...')
#54 {main}
"} 
[2025-12-24 17:30:19] local.ERROR: Illuminate\View\FileViewFinder::__construct(): Argument #2 ($paths) must be of type array, null given, called in C:\Users\Gabriel\Documents\GitHub\challenge-fullstack\vendor\laravel\framework\src\Illuminate\View\ViewServiceProvider.php on line 85 {"exception":"[object] (TypeError(code: 0): Illuminate\\View\\FileViewFinder::__construct(): Argument #2 ($paths) must be of type array, null given, called in C:\\Users\\Gabriel\\Documents\\GitHub\\challenge-fullstack\\vendor\\laravel\\framework\\src\\Illuminate\\View\\ViewServiceProvider.php on line 85 at C:\\Users\\Gabriel\\Documents\\GitHub\\challenge-fullstack\\vendor\\laravel\\framework\\src\\Illuminate\\View\\FileViewFinder.php:53)
[stacktrace]
#0 C:\\Users\\Gabriel\\Documents\\GitHub\\challenge-fullstack\\vendor\\laravel\\framework\\src\\Illuminate\\View\\ViewServiceProvider.php(85): Illuminate\\View\\FileViewFinder->__construct()
#1 C:\\Users\\Gabriel\\Documents\\GitHub\\challenge-fullstack\\vendor\\laravel\\framework\\src\\Illuminate\\Container\\Container.php(908): Illuminate\\View\\ViewServiceProvider->{closure:Illuminate\\View\\ViewServiceProvider::registerViewFinder():84}()
#2 C:\\Users\\Gabriel\\Documents\\GitHub\\challenge-fullstack\\vendor\\laravel\\framework\\src\\Illuminate\\Container\\Container.php(795): Illuminate\\Container\\Container->build()
#3 C:\\Users\\Gabriel\\Documents\\GitHub\\challenge-fullstack\\vendor\\laravel\\framework\\src\\Illuminate\\Foundation\\Application.php(986): Illuminate\\Container\\Container->resolve()
#4 C:\\Users\\Gabriel\\Documents\\GitHub\\challenge-fullstack\\vendor\\laravel\\framework\\src\\Illuminate\\Container\\Container.php(731): Illuminate\\Foundation\\Application->resolve()
#5 C:\\Users\\Gabriel\\Documents\\GitHub\\challenge-fullstack\\vendor\\laravel\\framework\\src\\Illuminate\\Foundation\\Application.php(971): Illuminate\\Container\\Container->make()
#6 C:\\Users\\Gabriel\\Documents\\GitHub\\challenge-fullstack\\vendor\\laravel\\framework\\src\\Illuminate\\Container\\Container.php(1454): Illuminate\\Foundation\\Application->make()
#7 C:\\Users\\Gabriel\\Documents\\GitHub\\challenge-fullstack\\vendor\\laravel\\framework\\src\\Illuminate\\View\\ViewServiceProvider.php(45): Illuminate\\Container\\Container->offsetGet()
#8 C:\\Users\\Gabriel\\Documents\\GitHub\\challenge-fullstack\\vendor\\laravel\\framework\\src\\Illuminate\\Container\\Container.php(908): Illuminate\\View\\ViewServiceProvider->{closure:Illuminate\\View\\ViewServiceProvider::registerFactory():39}()
#9 C:\\Users\\Gabriel\\Documents\\GitHub\\challenge-fullstack\\vendor\\laravel\\framework\\src\\Illuminate\\Container\\Container.php(795): Illuminate\\Container\\Container->build()
#10 C:\\Users\\Gabriel\\Documents\\GitHub\\challenge-fullstack\\vendor\\laravel\\framework\\src\\Illuminate\\Foundation\\Application.php(986): Illuminate\\Container\\Container->resolve()
#11 C:\\Users\\Gabriel\\Documents\\GitHub\\challenge-fullstack\\vendor\\laravel\\framework\\src\\Illuminate\\Container\\Container.php(731): Illuminate\\Foundation\\Application->resolve()
#12 C:\\Users\\Gabriel\\Documents\\GitHub\\challenge-fullstack\\vendor\\laravel\\framework\\src\\Illuminate\\Foundation\\Application.php(971): Illuminate\\Container\\Container->make()
#13 C:\\Users\\Gabriel\\Documents\\GitHub\\challenge-fullstack\\vendor\\laravel\\framework\\src\\Illuminate\\Container\\Container.php(1066): Illuminate\\Foundation\\Application->make()
#14 C:\\Users\\Gabriel\\Documents\\GitHub\\challenge-fullstack\\vendor\\laravel\\framework\\src\\Illuminate\\Container\\Container.php(982): Illuminate\\Container\\Container->resolveClass()
#15 C:\\Users\\Gabriel\\Documents\\GitHub\\challenge-fullstack\\vendor\\laravel\\framework\\src\\Illuminate\\Container\\Container.php(943): Illuminate\\Container\\Container->resolveDependencies()
#16 C:\\Users\\Gabriel\\Documents\\GitHub\\challenge-fullstack\\vendor\\laravel\\framework\\src\\Illuminate\\Container\\Container.php(795): Illuminate\\Container\\Container->build()
#17 C:\\Users\\Gabriel\\Documents\\GitHub\\challenge-fullstack\\vendor\\laravel\\framework\\src\\Illuminate\\Foundation\\Application.php(986): Illuminate\\Container\\Container->resolve()
#18 C:\\Users\\Gabriel\\Documents\\GitHub\\challenge-fullstack\\vendor\\laravel\\framework\\src\\Illuminate\\Container\\Container.php(731): Illuminate\\Foundation\\Application->resolve()
#19 C:\\Users\\Gabriel\\Documents\\GitHub\\challenge-fullstack\\vendor\\laravel\\framework\\src\\Illuminate\\Foundation\\Application.php(971): Illuminate\\Container\\Container->make()
#20 C:\\Users\\Gabriel\\Documents\\GitHub\\challenge-fullstack\\vendor\\laravel\\framework\\src\\Illuminate\\Foundation\\Http\\Kernel.php(255): Illuminate\\Foundation\\Application->make()
#21 C:\\Users\\Gabriel\\Documents\\GitHub\\challenge-fullstack\\vendor\\laravel\\framework\\src\\Illuminate\\Foundation\\Http\\Kernel.php(213): Illuminate\\Foundation\\Http\\Kernel->terminateMiddleware()
#22 C:\\Users\\Gabriel\\Documents\\GitHub\\challenge-fullstack\\public\\index.php(54): Illuminate\\Foundation\\Http\\Kernel->terminate()
#23 C:\\Users\\Gabriel\\Documents\\GitHub\\challenge-fullstack\\vendor\\laravel\\framework\\src\\Illuminate\\Foundation\\resources\\server.php(16): require_once('...')
#24 {main}
"} 
